[0.019s] Invoking command in '/home/faraz/arduinobot_ws/build/arduinobot_controller': CMAKE_PREFIX_PATH=${CMAKE_PREFIX_PATH}:/home/faraz/arduinobot_ws/install/arduinobot_py_examples:/opt/ros/jazzy DEBUGINFOD_URLS=https://debuginfod.ubuntu.com /usr/bin/cmake --build /home/faraz/arduinobot_ws/build/arduinobot_controller -- -j8 -l8
[0.048s] -- Found ament_cmake: 2.5.4 (/opt/ros/jazzy/share/ament_cmake/cmake)
[0.263s] -- Found ament_lint_auto: 0.17.2 (/opt/ros/jazzy/share/ament_lint_auto/cmake)
[0.366s] -- Added test 'flake8' to check Python code syntax and style conventions
[0.366s] -- Configured 'flake8' exclude dirs and/or files: 
[0.368s] -- Added test 'lint_cmake' to check CMake code style
[0.369s] -- Added test 'pep257' to check Python code against some of the docstring style conventions in PEP 257
[0.370s] -- Added test 'xmllint' to check XML markup files
[0.371s] -- Configuring done (0.3s)
[0.376s] -- Generating done (0.0s)
[0.378s] -- Build files have been written to: /home/faraz/arduinobot_ws/build/arduinobot_controller
[0.396s] Invoked command in '/home/faraz/arduinobot_ws/build/arduinobot_controller' returned '0': CMAKE_PREFIX_PATH=${CMAKE_PREFIX_PATH}:/home/faraz/arduinobot_ws/install/arduinobot_py_examples:/opt/ros/jazzy DEBUGINFOD_URLS=https://debuginfod.ubuntu.com /usr/bin/cmake --build /home/faraz/arduinobot_ws/build/arduinobot_controller -- -j8 -l8
[0.397s] Invoking command in '/home/faraz/arduinobot_ws/build/arduinobot_controller': CMAKE_PREFIX_PATH=${CMAKE_PREFIX_PATH}:/home/faraz/arduinobot_ws/install/arduinobot_py_examples:/opt/ros/jazzy DEBUGINFOD_URLS=https://debuginfod.ubuntu.com /usr/bin/cmake --install /home/faraz/arduinobot_ws/build/arduinobot_controller
[0.405s] -- Install configuration: ""
[0.405s] -- Up-to-date: /home/faraz/arduinobot_ws/install/arduinobot_controller/share/arduinobot_controller/config
[0.405s] -- Up-to-date: /home/faraz/arduinobot_ws/install/arduinobot_controller/share/arduinobot_controller/config/arduinobot_controllers.yaml
[0.406s] -- Installing: /home/faraz/arduinobot_ws/install/arduinobot_controller/share/arduinobot_controller/launch
[0.406s] -- Installing: /home/faraz/arduinobot_ws/install/arduinobot_controller/share/arduinobot_controller/launch/controller.launch.py
[0.406s] -- Installing: /home/faraz/arduinobot_ws/install/arduinobot_controller/share/ament_index/resource_index/package_run_dependencies/arduinobot_controller
[0.406s] -- Installing: /home/faraz/arduinobot_ws/install/arduinobot_controller/share/ament_index/resource_index/parent_prefix_path/arduinobot_controller
[0.406s] -- Up-to-date: /home/faraz/arduinobot_ws/install/arduinobot_controller/share/arduinobot_controller/environment/ament_prefix_path.sh
[0.406s] -- Up-to-date: /home/faraz/arduinobot_ws/install/arduinobot_controller/share/arduinobot_controller/environment/ament_prefix_path.dsv
[0.406s] -- Up-to-date: /home/faraz/arduinobot_ws/install/arduinobot_controller/share/arduinobot_controller/environment/path.sh
[0.407s] -- Up-to-date: /home/faraz/arduinobot_ws/install/arduinobot_controller/share/arduinobot_controller/environment/path.dsv
[0.407s] -- Up-to-date: /home/faraz/arduinobot_ws/install/arduinobot_controller/share/arduinobot_controller/local_setup.bash
[0.407s] -- Up-to-date: /home/faraz/arduinobot_ws/install/arduinobot_controller/share/arduinobot_controller/local_setup.sh
[0.407s] -- Up-to-date: /home/faraz/arduinobot_ws/install/arduinobot_controller/share/arduinobot_controller/local_setup.zsh
[0.407s] -- Up-to-date: /home/faraz/arduinobot_ws/install/arduinobot_controller/share/arduinobot_controller/local_setup.dsv
[0.407s] -- Installing: /home/faraz/arduinobot_ws/install/arduinobot_controller/share/arduinobot_controller/package.dsv
[0.407s] -- Up-to-date: /home/faraz/arduinobot_ws/install/arduinobot_controller/share/ament_index/resource_index/packages/arduinobot_controller
[0.407s] -- Up-to-date: /home/faraz/arduinobot_ws/install/arduinobot_controller/share/arduinobot_controller/cmake/arduinobot_controllerConfig.cmake
[0.407s] -- Up-to-date: /home/faraz/arduinobot_ws/install/arduinobot_controller/share/arduinobot_controller/cmake/arduinobot_controllerConfig-version.cmake
[0.407s] -- Installing: /home/faraz/arduinobot_ws/install/arduinobot_controller/share/arduinobot_controller/package.xml
[0.409s] Invoked command in '/home/faraz/arduinobot_ws/build/arduinobot_controller' returned '0': CMAKE_PREFIX_PATH=${CMAKE_PREFIX_PATH}:/home/faraz/arduinobot_ws/install/arduinobot_py_examples:/opt/ros/jazzy DEBUGINFOD_URLS=https://debuginfod.ubuntu.com /usr/bin/cmake --install /home/faraz/arduinobot_ws/build/arduinobot_controller
