[0.018s] Invoking command in '/home/faraz/arduinobot_ws/build/arduinobot_controller': CMAKE_PREFIX_PATH=${CMAKE_PREFIX_PATH}:/home/faraz/arduinobot_ws/install/arduinobot_py_examples:/opt/ros/jazzy DEBUGINFOD_URLS=https://debuginfod.ubuntu.com /usr/bin/cmake /home/faraz/arduinobot_ws/src/arduinobot_controller -DCMAKE_INSTALL_PREFIX=/home/faraz/arduinobot_ws/install/arduinobot_controller
[0.067s] -- The C compiler identification is GNU 13.3.0
[0.116s] -- The CXX compiler identification is GNU 13.3.0
[0.129s] -- Detecting C compiler ABI info
[0.206s] -- Detecting C compiler ABI info - done
[0.214s] -- Check for working C compiler: /usr/bin/cc - skipped
[0.214s] -- Detecting C compile features
[0.215s] -- Detecting C compile features - done
[0.226s] -- Detecting CXX compiler ABI info
[0.321s] -- Detecting CXX compiler ABI info - done
[0.330s] -- Check for working CXX compiler: /usr/bin/c++ - skipped
[0.330s] -- Detecting CXX compile features
[0.331s] -- Detecting CXX compile features - done
[0.335s] -- Found ament_cmake: 2.5.4 (/opt/ros/jazzy/share/ament_cmake/cmake)
[0.476s] -- Found Python3: /usr/bin/python3 (found version "3.12.3") found components: Interpreter 
[0.587s] -- Found ament_lint_auto: 0.17.2 (/opt/ros/jazzy/share/ament_lint_auto/cmake)
[0.691s] -- Added test 'lint_cmake' to check CMake code style
[0.692s] -- Added test 'xmllint' to check XML markup files
[0.693s] -- Configuring done (0.7s)
[0.696s] -- Generating done (0.0s)
[0.697s] -- Build files have been written to: /home/faraz/arduinobot_ws/build/arduinobot_controller
[0.701s] Invoked command in '/home/faraz/arduinobot_ws/build/arduinobot_controller' returned '0': CMAKE_PREFIX_PATH=${CMAKE_PREFIX_PATH}:/home/faraz/arduinobot_ws/install/arduinobot_py_examples:/opt/ros/jazzy DEBUGINFOD_URLS=https://debuginfod.ubuntu.com /usr/bin/cmake /home/faraz/arduinobot_ws/src/arduinobot_controller -DCMAKE_INSTALL_PREFIX=/home/faraz/arduinobot_ws/install/arduinobot_controller
[0.702s] Invoking command in '/home/faraz/arduinobot_ws/build/arduinobot_controller': CMAKE_PREFIX_PATH=${CMAKE_PREFIX_PATH}:/home/faraz/arduinobot_ws/install/arduinobot_py_examples:/opt/ros/jazzy DEBUGINFOD_URLS=https://debuginfod.ubuntu.com /usr/bin/cmake --build /home/faraz/arduinobot_ws/build/arduinobot_controller -- -j8 -l8
[0.738s] Invoked command in '/home/faraz/arduinobot_ws/build/arduinobot_controller' returned '0': CMAKE_PREFIX_PATH=${CMAKE_PREFIX_PATH}:/home/faraz/arduinobot_ws/install/arduinobot_py_examples:/opt/ros/jazzy DEBUGINFOD_URLS=https://debuginfod.ubuntu.com /usr/bin/cmake --build /home/faraz/arduinobot_ws/build/arduinobot_controller -- -j8 -l8
[0.739s] Invoking command in '/home/faraz/arduinobot_ws/build/arduinobot_controller': CMAKE_PREFIX_PATH=${CMAKE_PREFIX_PATH}:/home/faraz/arduinobot_ws/install/arduinobot_py_examples:/opt/ros/jazzy DEBUGINFOD_URLS=https://debuginfod.ubuntu.com /usr/bin/cmake --install /home/faraz/arduinobot_ws/build/arduinobot_controller
[0.746s] -- Install configuration: ""
[0.746s] -- Installing: /home/faraz/arduinobot_ws/install/arduinobot_controller/share/arduinobot_controller/config
[0.747s] -- Installing: /home/faraz/arduinobot_ws/install/arduinobot_controller/share/arduinobot_controller/config/arduinobot_controllers.yaml
[0.747s] -- Installing: /home/faraz/arduinobot_ws/install/arduinobot_controller/share/ament_index/resource_index/package_run_dependencies/arduinobot_controller
[0.747s] -- Installing: /home/faraz/arduinobot_ws/install/arduinobot_controller/share/ament_index/resource_index/parent_prefix_path/arduinobot_controller
[0.747s] -- Installing: /home/faraz/arduinobot_ws/install/arduinobot_controller/share/arduinobot_controller/environment/ament_prefix_path.sh
[0.747s] -- Installing: /home/faraz/arduinobot_ws/install/arduinobot_controller/share/arduinobot_controller/environment/ament_prefix_path.dsv
[0.747s] -- Installing: /home/faraz/arduinobot_ws/install/arduinobot_controller/share/arduinobot_controller/environment/path.sh
[0.747s] -- Installing: /home/faraz/arduinobot_ws/install/arduinobot_controller/share/arduinobot_controller/environment/path.dsv
[0.747s] -- Installing: /home/faraz/arduinobot_ws/install/arduinobot_controller/share/arduinobot_controller/local_setup.bash
[0.748s] -- Installing: /home/faraz/arduinobot_ws/install/arduinobot_controller/share/arduinobot_controller/local_setup.sh
[0.748s] -- Installing: /home/faraz/arduinobot_ws/install/arduinobot_controller/share/arduinobot_controller/local_setup.zsh
[0.748s] -- Installing: /home/faraz/arduinobot_ws/install/arduinobot_controller/share/arduinobot_controller/local_setup.dsv
[0.748s] -- Installing: /home/faraz/arduinobot_ws/install/arduinobot_controller/share/arduinobot_controller/package.dsv
[0.748s] -- Installing: /home/faraz/arduinobot_ws/install/arduinobot_controller/share/ament_index/resource_index/packages/arduinobot_controller
[0.748s] -- Installing: /home/faraz/arduinobot_ws/install/arduinobot_controller/share/arduinobot_controller/cmake/arduinobot_controllerConfig.cmake
[0.748s] -- Installing: /home/faraz/arduinobot_ws/install/arduinobot_controller/share/arduinobot_controller/cmake/arduinobot_controllerConfig-version.cmake
[0.749s] -- Installing: /home/faraz/arduinobot_ws/install/arduinobot_controller/share/arduinobot_controller/package.xml
[0.751s] Invoked command in '/home/faraz/arduinobot_ws/build/arduinobot_controller' returned '0': CMAKE_PREFIX_PATH=${CMAKE_PREFIX_PATH}:/home/faraz/arduinobot_ws/install/arduinobot_py_examples:/opt/ros/jazzy DEBUGINFOD_URLS=https://debuginfod.ubuntu.com /usr/bin/cmake --install /home/faraz/arduinobot_ws/build/arduinobot_controller
