[0.014s] Invoking command in '/home/faraz/arduinobot_ws/build/arduinobot_description': CMAKE_PREFIX_PATH=${CMAKE_PREFIX_PATH}:/home/faraz/bumperbot_ws/install/bumperbot_py_examples:/opt/ros/jazzy DEBUGINFOD_URLS=https://debuginfod.ubuntu.com /usr/bin/cmake /home/faraz/arduinobot_ws/src/arduinobot_description -DAMENT_CMAKE_SYMLINK_INSTALL=1 -DCMAKE_INSTALL_PREFIX=/home/faraz/arduinobot_ws/install/arduinobot_description
[0.078s] -- The C compiler identification is GNU 13.3.0
[0.133s] -- The CXX compiler identification is GNU 13.3.0
[0.149s] -- Detecting C compiler ABI info
[0.228s] -- Detecting C compiler ABI info - done
[0.236s] -- Check for working C compiler: /usr/bin/cc - skipped
[0.237s] -- Detecting C compile features
[0.237s] -- Detecting C compile features - done
[0.246s] -- Detecting CXX compiler ABI info
[0.332s] -- Detecting CXX compiler ABI info - done
[0.341s] -- Check for working CXX compiler: /usr/bin/c++ - skipped
[0.341s] -- Detecting CXX compile features
[0.342s] -- Detecting CXX compile features - done
[0.355s] -- Found ament_cmake: 2.5.4 (/opt/ros/jazzy/share/ament_cmake/cmake)
[0.497s] -- Found Python3: /usr/bin/python3 (found version "3.12.3") found components: Interpreter 
[0.567s] -- Override CMake install command with custom implementation using symlinks instead of copying resources
[0.621s] -- Found ament_lint_auto: 0.17.2 (/opt/ros/jazzy/share/ament_lint_auto/cmake)
[0.736s] -- Added test 'lint_cmake' to check CMake code style
[0.737s] -- Added test 'xmllint' to check XML markup files
[0.739s] -- Configuring done (0.7s)
[0.741s] -- Generating done (0.0s)
[0.742s] -- Build files have been written to: /home/faraz/arduinobot_ws/build/arduinobot_description
[0.746s] Invoked command in '/home/faraz/arduinobot_ws/build/arduinobot_description' returned '0': CMAKE_PREFIX_PATH=${CMAKE_PREFIX_PATH}:/home/faraz/bumperbot_ws/install/bumperbot_py_examples:/opt/ros/jazzy DEBUGINFOD_URLS=https://debuginfod.ubuntu.com /usr/bin/cmake /home/faraz/arduinobot_ws/src/arduinobot_description -DAMENT_CMAKE_SYMLINK_INSTALL=1 -DCMAKE_INSTALL_PREFIX=/home/faraz/arduinobot_ws/install/arduinobot_description
[0.747s] Invoking command in '/home/faraz/arduinobot_ws/build/arduinobot_description': CMAKE_PREFIX_PATH=${CMAKE_PREFIX_PATH}:/home/faraz/bumperbot_ws/install/bumperbot_py_examples:/opt/ros/jazzy DEBUGINFOD_URLS=https://debuginfod.ubuntu.com /usr/bin/cmake --build /home/faraz/arduinobot_ws/build/arduinobot_description -- -j8 -l8
[0.781s] Invoked command in '/home/faraz/arduinobot_ws/build/arduinobot_description' returned '0': CMAKE_PREFIX_PATH=${CMAKE_PREFIX_PATH}:/home/faraz/bumperbot_ws/install/bumperbot_py_examples:/opt/ros/jazzy DEBUGINFOD_URLS=https://debuginfod.ubuntu.com /usr/bin/cmake --build /home/faraz/arduinobot_ws/build/arduinobot_description -- -j8 -l8
[0.790s] Invoking command in '/home/faraz/arduinobot_ws/build/arduinobot_description': CMAKE_PREFIX_PATH=${CMAKE_PREFIX_PATH}:/home/faraz/bumperbot_ws/install/bumperbot_py_examples:/opt/ros/jazzy DEBUGINFOD_URLS=https://debuginfod.ubuntu.com /usr/bin/cmake --install /home/faraz/arduinobot_ws/build/arduinobot_description
[0.798s] -- Install configuration: ""
[0.798s] -- Execute custom install script
[0.798s] -- Symlinking: /home/faraz/arduinobot_ws/install/arduinobot_description/share/ament_index/resource_index/package_run_dependencies/arduinobot_description
[0.807s] -- Symlinking: /home/faraz/arduinobot_ws/install/arduinobot_description/share/ament_index/resource_index/parent_prefix_path/arduinobot_description
[0.816s] -- Symlinking: /home/faraz/arduinobot_ws/install/arduinobot_description/share/arduinobot_description/environment/ament_prefix_path.sh
[0.824s] -- Symlinking: /home/faraz/arduinobot_ws/install/arduinobot_description/share/arduinobot_description/environment/ament_prefix_path.dsv
[0.833s] -- Symlinking: /home/faraz/arduinobot_ws/install/arduinobot_description/share/arduinobot_description/environment/path.sh
[0.842s] -- Symlinking: /home/faraz/arduinobot_ws/install/arduinobot_description/share/arduinobot_description/environment/path.dsv
[0.852s] -- Symlinking: /home/faraz/arduinobot_ws/install/arduinobot_description/share/arduinobot_description/local_setup.bash
[0.860s] -- Symlinking: /home/faraz/arduinobot_ws/install/arduinobot_description/share/arduinobot_description/local_setup.sh
[0.869s] -- Symlinking: /home/faraz/arduinobot_ws/install/arduinobot_description/share/arduinobot_description/local_setup.zsh
[0.878s] -- Symlinking: /home/faraz/arduinobot_ws/install/arduinobot_description/share/arduinobot_description/local_setup.dsv
[0.886s] -- Symlinking: /home/faraz/arduinobot_ws/install/arduinobot_description/share/arduinobot_description/package.dsv
[0.894s] -- Symlinking: /home/faraz/arduinobot_ws/install/arduinobot_description/share/ament_index/resource_index/packages/arduinobot_description
[0.903s] -- Symlinking: /home/faraz/arduinobot_ws/install/arduinobot_description/share/arduinobot_description/cmake/arduinobot_descriptionConfig.cmake
[0.911s] -- Symlinking: /home/faraz/arduinobot_ws/install/arduinobot_description/share/arduinobot_description/cmake/arduinobot_descriptionConfig-version.cmake
[0.920s] -- Symlinking: /home/faraz/arduinobot_ws/install/arduinobot_description/share/arduinobot_description/package.xml
[0.930s] Invoked command in '/home/faraz/arduinobot_ws/build/arduinobot_description' returned '0': CMAKE_PREFIX_PATH=${CMAKE_PREFIX_PATH}:/home/faraz/bumperbot_ws/install/bumperbot_py_examples:/opt/ros/jazzy DEBUGINFOD_URLS=https://debuginfod.ubuntu.com /usr/bin/cmake --install /home/faraz/arduinobot_ws/build/arduinobot_description
