[0.017s] Invoking command in '/home/faraz/arduinobot_ws/src/build/arduinobot_controller': CMAKE_PREFIX_PATH=${CMAKE_PREFIX_PATH}:/home/faraz/arduinobot_ws/install/arduinobot_py_examples:/opt/ros/jazzy DEBUGINFOD_URLS=https://debuginfod.ubuntu.com /usr/bin/cmake --build /home/faraz/arduinobot_ws/src/build/arduinobot_controller -- -j8 -l8
[0.044s] -- Found ament_cmake: 2.5.4 (/opt/ros/jazzy/share/ament_cmake/cmake)
[0.258s] -- Found ament_lint_auto: 0.17.2 (/opt/ros/jazzy/share/ament_lint_auto/cmake)
[0.350s] -- Added test 'lint_cmake' to check CMake code style
[0.351s] -- Added test 'xmllint' to check XML markup files
[0.352s] -- Configuring done (0.3s)
[0.355s] -- Generating done (0.0s)
[0.356s] -- Build files have been written to: /home/faraz/arduinobot_ws/src/build/arduinobot_controller
[0.375s] Invoked command in '/home/faraz/arduinobot_ws/src/build/arduinobot_controller' returned '0': CMAKE_PREFIX_PATH=${CMAKE_PREFIX_PATH}:/home/faraz/arduinobot_ws/install/arduinobot_py_examples:/opt/ros/jazzy DEBUGINFOD_URLS=https://debuginfod.ubuntu.com /usr/bin/cmake --build /home/faraz/arduinobot_ws/src/build/arduinobot_controller -- -j8 -l8
[0.376s] Invoking command in '/home/faraz/arduinobot_ws/src/build/arduinobot_controller': CMAKE_PREFIX_PATH=${CMAKE_PREFIX_PATH}:/home/faraz/arduinobot_ws/install/arduinobot_py_examples:/opt/ros/jazzy DEBUGINFOD_URLS=https://debuginfod.ubuntu.com /usr/bin/cmake --install /home/faraz/arduinobot_ws/src/build/arduinobot_controller
[0.383s] -- Install configuration: ""
[0.383s] -- Installing: /home/faraz/arduinobot_ws/src/install/arduinobot_controller/share/arduinobot_controller/config
[0.383s] -- Installing: /home/faraz/arduinobot_ws/src/install/arduinobot_controller/share/arduinobot_controller/config/arduinobot_controllers.yaml
[0.383s] -- Up-to-date: /home/faraz/arduinobot_ws/src/install/arduinobot_controller/share/ament_index/resource_index/package_run_dependencies/arduinobot_controller
[0.384s] -- Up-to-date: /home/faraz/arduinobot_ws/src/install/arduinobot_controller/share/ament_index/resource_index/parent_prefix_path/arduinobot_controller
[0.384s] -- Up-to-date: /home/faraz/arduinobot_ws/src/install/arduinobot_controller/share/arduinobot_controller/environment/ament_prefix_path.sh
[0.384s] -- Up-to-date: /home/faraz/arduinobot_ws/src/install/arduinobot_controller/share/arduinobot_controller/environment/ament_prefix_path.dsv
[0.384s] -- Up-to-date: /home/faraz/arduinobot_ws/src/install/arduinobot_controller/share/arduinobot_controller/environment/path.sh
[0.384s] -- Up-to-date: /home/faraz/arduinobot_ws/src/install/arduinobot_controller/share/arduinobot_controller/environment/path.dsv
[0.384s] -- Up-to-date: /home/faraz/arduinobot_ws/src/install/arduinobot_controller/share/arduinobot_controller/local_setup.bash
[0.384s] -- Up-to-date: /home/faraz/arduinobot_ws/src/install/arduinobot_controller/share/arduinobot_controller/local_setup.sh
[0.384s] -- Up-to-date: /home/faraz/arduinobot_ws/src/install/arduinobot_controller/share/arduinobot_controller/local_setup.zsh
[0.384s] -- Up-to-date: /home/faraz/arduinobot_ws/src/install/arduinobot_controller/share/arduinobot_controller/local_setup.dsv
[0.384s] -- Up-to-date: /home/faraz/arduinobot_ws/src/install/arduinobot_controller/share/arduinobot_controller/package.dsv
[0.384s] -- Up-to-date: /home/faraz/arduinobot_ws/src/install/arduinobot_controller/share/ament_index/resource_index/packages/arduinobot_controller
[0.384s] -- Up-to-date: /home/faraz/arduinobot_ws/src/install/arduinobot_controller/share/arduinobot_controller/cmake/arduinobot_controllerConfig.cmake
[0.384s] -- Up-to-date: /home/faraz/arduinobot_ws/src/install/arduinobot_controller/share/arduinobot_controller/cmake/arduinobot_controllerConfig-version.cmake
[0.384s] -- Up-to-date: /home/faraz/arduinobot_ws/src/install/arduinobot_controller/share/arduinobot_controller/package.xml
[0.386s] Invoked command in '/home/faraz/arduinobot_ws/src/build/arduinobot_controller' returned '0': CMAKE_PREFIX_PATH=${CMAKE_PREFIX_PATH}:/home/faraz/arduinobot_ws/install/arduinobot_py_examples:/opt/ros/jazzy DEBUGINFOD_URLS=https://debuginfod.ubuntu.com /usr/bin/cmake --install /home/faraz/arduinobot_ws/src/build/arduinobot_controller
