[0.017s] Invoking command in '/home/faraz/arduinobot_ws/build/arduinobot_description': CMAKE_PREFIX_PATH=${CMAKE_PREFIX_PATH}:/home/faraz/install/bumperbot_py_examples:/home/faraz/install/arduinobot_py_examples:/home/faraz/arduinobot_ws/install/arduinobot_py_examples:/opt/ros/jazzy DEBUGINFOD_URLS=https://debuginfod.ubuntu.com /usr/bin/cmake /home/faraz/arduinobot_ws/src/arduinobot_description -DCMAKE_INSTALL_PREFIX=/home/faraz/arduinobot_ws/install/arduinobot_description
[0.071s] -- The C compiler identification is GNU 13.3.0
[0.124s] -- The CXX compiler identification is GNU 13.3.0
[0.137s] -- Detecting C compiler ABI info
[0.213s] -- Detecting C compiler ABI info - done
[0.222s] -- Check for working C compiler: /usr/bin/cc - skipped
[0.222s] -- Detecting C compile features
[0.223s] -- Detecting C compile features - done
[0.231s] -- Detecting CXX compiler ABI info
[0.321s] -- Detecting CXX compiler ABI info - done
[0.329s] -- Check for working CXX compiler: /usr/bin/c++ - skipped
[0.329s] -- Detecting CXX compile features
[0.330s] -- Detecting CXX compile features - done
[0.340s] -- Found ament_cmake: 2.5.4 (/opt/ros/jazzy/share/ament_cmake/cmake)
[0.487s] -- Found Python3: /usr/bin/python3 (found version "3.12.3") found components: Interpreter 
[0.613s] -- Found ament_lint_auto: 0.17.2 (/opt/ros/jazzy/share/ament_lint_auto/cmake)
[0.726s] -- Added test 'flake8' to check Python code syntax and style conventions
[0.726s] -- Configured 'flake8' exclude dirs and/or files: 
[0.727s] -- Added test 'lint_cmake' to check CMake code style
[0.728s] -- Added test 'pep257' to check Python code against some of the docstring style conventions in PEP 257
[0.729s] -- Added test 'xmllint' to check XML markup files
[0.731s] -- Configuring done (0.7s)
[0.734s] -- Generating done (0.0s)
[0.735s] -- Build files have been written to: /home/faraz/arduinobot_ws/build/arduinobot_description
[0.739s] Invoked command in '/home/faraz/arduinobot_ws/build/arduinobot_description' returned '0': CMAKE_PREFIX_PATH=${CMAKE_PREFIX_PATH}:/home/faraz/install/bumperbot_py_examples:/home/faraz/install/arduinobot_py_examples:/home/faraz/arduinobot_ws/install/arduinobot_py_examples:/opt/ros/jazzy DEBUGINFOD_URLS=https://debuginfod.ubuntu.com /usr/bin/cmake /home/faraz/arduinobot_ws/src/arduinobot_description -DCMAKE_INSTALL_PREFIX=/home/faraz/arduinobot_ws/install/arduinobot_description
[0.740s] Invoking command in '/home/faraz/arduinobot_ws/build/arduinobot_description': CMAKE_PREFIX_PATH=${CMAKE_PREFIX_PATH}:/home/faraz/install/bumperbot_py_examples:/home/faraz/install/arduinobot_py_examples:/home/faraz/arduinobot_ws/install/arduinobot_py_examples:/opt/ros/jazzy DEBUGINFOD_URLS=https://debuginfod.ubuntu.com /usr/bin/cmake --build /home/faraz/arduinobot_ws/build/arduinobot_description -- -j8 -l8
[0.774s] Invoked command in '/home/faraz/arduinobot_ws/build/arduinobot_description' returned '0': CMAKE_PREFIX_PATH=${CMAKE_PREFIX_PATH}:/home/faraz/install/bumperbot_py_examples:/home/faraz/install/arduinobot_py_examples:/home/faraz/arduinobot_ws/install/arduinobot_py_examples:/opt/ros/jazzy DEBUGINFOD_URLS=https://debuginfod.ubuntu.com /usr/bin/cmake --build /home/faraz/arduinobot_ws/build/arduinobot_description -- -j8 -l8
[0.783s] Invoking command in '/home/faraz/arduinobot_ws/build/arduinobot_description': CMAKE_PREFIX_PATH=${CMAKE_PREFIX_PATH}:/home/faraz/install/bumperbot_py_examples:/home/faraz/install/arduinobot_py_examples:/home/faraz/arduinobot_ws/install/arduinobot_py_examples:/opt/ros/jazzy DEBUGINFOD_URLS=https://debuginfod.ubuntu.com /usr/bin/cmake --install /home/faraz/arduinobot_ws/build/arduinobot_description
[0.790s] -- Install configuration: ""
[0.790s] -- Installing: /home/faraz/arduinobot_ws/install/arduinobot_description/share/arduinobot_description/meshes
[0.790s] -- Installing: /home/faraz/arduinobot_ws/install/arduinobot_description/share/arduinobot_description/meshes/left_finger.STL
[0.791s] -- Installing: /home/faraz/arduinobot_ws/install/arduinobot_description/share/arduinobot_description/meshes/servo_plate.STL
[0.791s] -- Installing: /home/faraz/arduinobot_ws/install/arduinobot_description/share/arduinobot_description/meshes/link.STL
[0.793s] -- Installing: /home/faraz/arduinobot_ws/install/arduinobot_description/share/arduinobot_description/meshes/base_plate.STL
[0.796s] -- Installing: /home/faraz/arduinobot_ws/install/arduinobot_description/share/arduinobot_description/meshes/vertical_drive_arm.STL
[0.797s] -- Installing: /home/faraz/arduinobot_ws/install/arduinobot_description/share/arduinobot_description/meshes/claw_support.STL
[0.799s] -- Installing: /home/faraz/arduinobot_ws/install/arduinobot_description/share/arduinobot_description/meshes/round_plate.STL
[0.800s] -- Installing: /home/faraz/arduinobot_ws/install/arduinobot_description/share/arduinobot_description/meshes/forward_drive_arm.STL
[0.802s] -- Installing: /home/faraz/arduinobot_ws/install/arduinobot_description/share/arduinobot_description/meshes/right_finger.STL
[0.802s] -- Installing: /home/faraz/arduinobot_ws/install/arduinobot_description/share/arduinobot_description/meshes/triangular_link.STL
[0.804s] -- Installing: /home/faraz/arduinobot_ws/install/arduinobot_description/share/arduinobot_description/meshes/basement.STL
[0.806s] -- Installing: /home/faraz/arduinobot_ws/install/arduinobot_description/share/arduinobot_description/meshes/plate.STL
[0.808s] -- Installing: /home/faraz/arduinobot_ws/install/arduinobot_description/share/arduinobot_description/meshes/horizontal_arm.STL
[0.810s] -- Installing: /home/faraz/arduinobot_ws/install/arduinobot_description/share/arduinobot_description/urdf
[0.811s] -- Installing: /home/faraz/arduinobot_ws/install/arduinobot_description/share/arduinobot_description/urdf/arduinobot.urdf.xacro
[0.811s] -- Installing: /home/faraz/arduinobot_ws/install/arduinobot_description/share/arduinobot_description/launch
[0.811s] -- Installing: /home/faraz/arduinobot_ws/install/arduinobot_description/share/arduinobot_description/launch/display.launch.py
[0.811s] -- Installing: /home/faraz/arduinobot_ws/install/arduinobot_description/share/ament_index/resource_index/package_run_dependencies/arduinobot_description
[0.811s] -- Installing: /home/faraz/arduinobot_ws/install/arduinobot_description/share/ament_index/resource_index/parent_prefix_path/arduinobot_description
[0.811s] -- Installing: /home/faraz/arduinobot_ws/install/arduinobot_description/share/arduinobot_description/environment/ament_prefix_path.sh
[0.811s] -- Installing: /home/faraz/arduinobot_ws/install/arduinobot_description/share/arduinobot_description/environment/ament_prefix_path.dsv
[0.811s] -- Installing: /home/faraz/arduinobot_ws/install/arduinobot_description/share/arduinobot_description/environment/path.sh
[0.811s] -- Installing: /home/faraz/arduinobot_ws/install/arduinobot_description/share/arduinobot_description/environment/path.dsv
[0.811s] -- Installing: /home/faraz/arduinobot_ws/install/arduinobot_description/share/arduinobot_description/local_setup.bash
[0.811s] -- Installing: /home/faraz/arduinobot_ws/install/arduinobot_description/share/arduinobot_description/local_setup.sh
[0.811s] -- Installing: /home/faraz/arduinobot_ws/install/arduinobot_description/share/arduinobot_description/local_setup.zsh
[0.812s] -- Installing: /home/faraz/arduinobot_ws/install/arduinobot_description/share/arduinobot_description/local_setup.dsv
[0.812s] -- Installing: /home/faraz/arduinobot_ws/install/arduinobot_description/share/arduinobot_description/package.dsv
[0.812s] -- Installing: /home/faraz/arduinobot_ws/install/arduinobot_description/share/ament_index/resource_index/packages/arduinobot_description
[0.812s] -- Installing: /home/faraz/arduinobot_ws/install/arduinobot_description/share/arduinobot_description/cmake/arduinobot_descriptionConfig.cmake
[0.812s] -- Installing: /home/faraz/arduinobot_ws/install/arduinobot_description/share/arduinobot_description/cmake/arduinobot_descriptionConfig-version.cmake
[0.812s] -- Installing: /home/faraz/arduinobot_ws/install/arduinobot_description/share/arduinobot_description/package.xml
[0.814s] Invoked command in '/home/faraz/arduinobot_ws/build/arduinobot_description' returned '0': CMAKE_PREFIX_PATH=${CMAKE_PREFIX_PATH}:/home/faraz/install/bumperbot_py_examples:/home/faraz/install/arduinobot_py_examples:/home/faraz/arduinobot_ws/install/arduinobot_py_examples:/opt/ros/jazzy DEBUGINFOD_URLS=https://debuginfod.ubuntu.com /usr/bin/cmake --install /home/faraz/arduinobot_ws/build/arduinobot_description
