[0.015s] Invoking command in '/home/faraz/arduinobot_ws/build/arduinobot_moveit': CMAKE_PREFIX_PATH=${CMAKE_PREFIX_PATH}:/opt/ros/jazzy DEBUGINFOD_URLS=https://debuginfod.ubuntu.com /usr/bin/cmake --build /home/faraz/arduinobot_ws/build/arduinobot_moveit -- -j8 -l8
[0.049s] -- Found ament_cmake: 2.5.4 (/opt/ros/jazzy/share/ament_cmake/cmake)
[0.330s] -- Found ament_lint_auto: 0.17.2 (/opt/ros/jazzy/share/ament_lint_auto/cmake)
[0.435s] -- Added test 'flake8' to check Python code syntax and style conventions
[0.435s] -- Configured 'flake8' exclude dirs and/or files: 
[0.436s] -- Added test 'lint_cmake' to check CMake code style
[0.436s] -- Added test 'pep257' to check Python code against some of the docstring style conventions in PEP 257
[0.438s] -- Added test 'xmllint' to check XML markup files
[0.439s] -- Configuring done (0.4s)
[0.444s] -- Generating done (0.0s)
[0.446s] -- Build files have been written to: /home/faraz/arduinobot_ws/build/arduinobot_moveit
[0.467s] Invoked command in '/home/faraz/arduinobot_ws/build/arduinobot_moveit' returned '0': CMAKE_PREFIX_PATH=${CMAKE_PREFIX_PATH}:/opt/ros/jazzy DEBUGINFOD_URLS=https://debuginfod.ubuntu.com /usr/bin/cmake --build /home/faraz/arduinobot_ws/build/arduinobot_moveit -- -j8 -l8
[0.469s] Invoking command in '/home/faraz/arduinobot_ws/build/arduinobot_moveit': CMAKE_PREFIX_PATH=${CMAKE_PREFIX_PATH}:/opt/ros/jazzy DEBUGINFOD_URLS=https://debuginfod.ubuntu.com /usr/bin/cmake --install /home/faraz/arduinobot_ws/build/arduinobot_moveit
[0.483s] [31mCMake Error at cmake_install.cmake:46 (file):
[0.483s]   file INSTALL cannot find
[0.483s]   "/home/faraz/arduinobot_ws/src/arduinobot_moveit/configure_file": No such
[0.483s]   file or directory.
[0.484s] 
[0.484s] [0m
[0.484s] -- Install configuration: ""
[0.484s] -- Installing: /home/faraz/arduinobot_ws/install/arduinobot_moveit/share/arduinobot_moveit/launch
[0.484s] -- Installing: /home/faraz/arduinobot_ws/install/arduinobot_moveit/share/arduinobot_moveit/launch/moveit.launch.py
[0.485s] Invoked command in '/home/faraz/arduinobot_ws/build/arduinobot_moveit' returned '1': CMAKE_PREFIX_PATH=${CMAKE_PREFIX_PATH}:/opt/ros/jazzy DEBUGINFOD_URLS=https://debuginfod.ubuntu.com /usr/bin/cmake --install /home/faraz/arduinobot_ws/build/arduinobot_moveit
