[0.020s] Invoking command in '/home/faraz/arduinobot_ws/build/arduinobot_controller': CMAKE_PREFIX_PATH=${CMAKE_PREFIX_PATH}:/home/faraz/install/bumperbot_py_examples:/home/faraz/install/arduinobot_py_examples:/home/faraz/arduinobot_ws/install/arduinobot_py_examples:/opt/ros/jazzy DEBUGINFOD_URLS=https://debuginfod.ubuntu.com /usr/bin/cmake --build /home/faraz/arduinobot_ws/build/arduinobot_controller -- -j8 -l8
[0.243s] Invoked command in '/home/faraz/arduinobot_ws/build/arduinobot_controller' returned '0': CMAKE_PREFIX_PATH=${CMAKE_PREFIX_PATH}:/home/faraz/install/bumperbot_py_examples:/home/faraz/install/arduinobot_py_examples:/home/faraz/arduinobot_ws/install/arduinobot_py_examples:/opt/ros/jazzy DEBUGINFOD_URLS=https://debuginfod.ubuntu.com /usr/bin/cmake --build /home/faraz/arduinobot_ws/build/arduinobot_controller -- -j8 -l8
[0.244s] Invoking command in '/home/faraz/arduinobot_ws/build/arduinobot_controller': CMAKE_PREFIX_PATH=${CMAKE_PREFIX_PATH}:/home/faraz/install/bumperbot_py_examples:/home/faraz/install/arduinobot_py_examples:/home/faraz/arduinobot_ws/install/arduinobot_py_examples:/opt/ros/jazzy DEBUGINFOD_URLS=https://debuginfod.ubuntu.com /usr/bin/cmake --install /home/faraz/arduinobot_ws/build/arduinobot_controller
[0.251s] -- Install configuration: ""
[0.251s] -- Up-to-date: /home/faraz/arduinobot_ws/install/arduinobot_controller/share/arduinobot_controller/config
[0.251s] -- Up-to-date: /home/faraz/arduinobot_ws/install/arduinobot_controller/share/arduinobot_controller/config/arduinobot_controllers.yaml
[0.252s] -- Up-to-date: /home/faraz/arduinobot_ws/install/arduinobot_controller/share/arduinobot_controller/launch
[0.252s] -- Up-to-date: /home/faraz/arduinobot_ws/install/arduinobot_controller/share/arduinobot_controller/launch/controller.launch.py
[0.252s] -- Up-to-date: /home/faraz/arduinobot_ws/install/arduinobot_controller/share/ament_index/resource_index/package_run_dependencies/arduinobot_controller
[0.252s] -- Up-to-date: /home/faraz/arduinobot_ws/install/arduinobot_controller/share/ament_index/resource_index/parent_prefix_path/arduinobot_controller
[0.252s] -- Up-to-date: /home/faraz/arduinobot_ws/install/arduinobot_controller/share/arduinobot_controller/environment/ament_prefix_path.sh
[0.253s] -- Up-to-date: /home/faraz/arduinobot_ws/install/arduinobot_controller/share/arduinobot_controller/environment/ament_prefix_path.dsv
[0.253s] -- Up-to-date: /home/faraz/arduinobot_ws/install/arduinobot_controller/share/arduinobot_controller/environment/path.sh
[0.253s] -- Up-to-date: /home/faraz/arduinobot_ws/install/arduinobot_controller/share/arduinobot_controller/environment/path.dsv
[0.253s] -- Up-to-date: /home/faraz/arduinobot_ws/install/arduinobot_controller/share/arduinobot_controller/local_setup.bash
[0.253s] -- Up-to-date: /home/faraz/arduinobot_ws/install/arduinobot_controller/share/arduinobot_controller/local_setup.sh
[0.253s] -- Up-to-date: /home/faraz/arduinobot_ws/install/arduinobot_controller/share/arduinobot_controller/local_setup.zsh
[0.253s] -- Up-to-date: /home/faraz/arduinobot_ws/install/arduinobot_controller/share/arduinobot_controller/local_setup.dsv
[0.254s] -- Installing: /home/faraz/arduinobot_ws/install/arduinobot_controller/share/arduinobot_controller/package.dsv
[0.254s] -- Up-to-date: /home/faraz/arduinobot_ws/install/arduinobot_controller/share/ament_index/resource_index/packages/arduinobot_controller
[0.254s] -- Up-to-date: /home/faraz/arduinobot_ws/install/arduinobot_controller/share/arduinobot_controller/cmake/arduinobot_controllerConfig.cmake
[0.254s] -- Up-to-date: /home/faraz/arduinobot_ws/install/arduinobot_controller/share/arduinobot_controller/cmake/arduinobot_controllerConfig-version.cmake
[0.254s] -- Up-to-date: /home/faraz/arduinobot_ws/install/arduinobot_controller/share/arduinobot_controller/package.xml
[0.257s] Invoked command in '/home/faraz/arduinobot_ws/build/arduinobot_controller' returned '0': CMAKE_PREFIX_PATH=${CMAKE_PREFIX_PATH}:/home/faraz/install/bumperbot_py_examples:/home/faraz/install/arduinobot_py_examples:/home/faraz/arduinobot_ws/install/arduinobot_py_examples:/opt/ros/jazzy DEBUGINFOD_URLS=https://debuginfod.ubuntu.com /usr/bin/cmake --install /home/faraz/arduinobot_ws/build/arduinobot_controller
