[0.555s] Invoking command in '/home/faraz/arduinobot_ws/src/arduinobot_py_examples': DEBUGINFOD_URLS=https://debuginfod.ubuntu.com PYTHONPATH=/home/faraz/arduinobot_ws/build/arduinobot_py_examples/prefix_override:/usr/lib/python3/dist-packages/colcon_core/task/python/colcon_distutils_commands:/home/faraz/arduinobot_ws/install/arduinobot_py_examples/lib/python3.12/site-packages: /usr/bin/python3 -W ignore:setup.py install is deprecated -W ignore:easy_install command is deprecated setup.py egg_info --egg-base ../../build/arduinobot_py_examples build --build-base /home/faraz/arduinobot_ws/build/arduinobot_py_examples/build install --record /home/faraz/arduinobot_ws/build/arduinobot_py_examples/install.log --single-version-externally-managed install_data
[0.720s] running egg_info
[0.730s] writing ../../build/arduinobot_py_examples/arduinobot_py_examples.egg-info/PKG-INFO
[0.730s] writing dependency_links to ../../build/arduinobot_py_examples/arduinobot_py_examples.egg-info/dependency_links.txt
[0.730s] writing entry points to ../../build/arduinobot_py_examples/arduinobot_py_examples.egg-info/entry_points.txt
[0.730s] writing requirements to ../../build/arduinobot_py_examples/arduinobot_py_examples.egg-info/requires.txt
[0.730s] writing top-level names to ../../build/arduinobot_py_examples/arduinobot_py_examples.egg-info/top_level.txt
[0.750s] reading manifest file '../../build/arduinobot_py_examples/arduinobot_py_examples.egg-info/SOURCES.txt'
[0.751s] writing manifest file '../../build/arduinobot_py_examples/arduinobot_py_examples.egg-info/SOURCES.txt'
[0.751s] running build
[0.751s] running build_py
[0.751s] running install
[0.757s] running install_lib
[0.767s] running install_data
[0.767s] running install_egg_info
[0.777s] removing '/home/faraz/arduinobot_ws/install/arduinobot_py_examples/lib/python3.12/site-packages/arduinobot_py_examples-0.0.0-py3.12.egg-info' (and everything under it)
[0.777s] Copying ../../build/arduinobot_py_examples/arduinobot_py_examples.egg-info to /home/faraz/arduinobot_ws/install/arduinobot_py_examples/lib/python3.12/site-packages/arduinobot_py_examples-0.0.0-py3.12.egg-info
[0.778s] running install_scripts
[0.853s] Installing simple_parameter script to /home/faraz/arduinobot_ws/install/arduinobot_py_examples/lib/arduinobot_py_examples
[0.853s] Installing simple_publisher script to /home/faraz/arduinobot_ws/install/arduinobot_py_examples/lib/arduinobot_py_examples
[0.854s] writing list of installed files to '/home/faraz/arduinobot_ws/build/arduinobot_py_examples/install.log'
[0.876s] Invoked command in '/home/faraz/arduinobot_ws/src/arduinobot_py_examples' returned '0': DEBUGINFOD_URLS=https://debuginfod.ubuntu.com PYTHONPATH=/home/faraz/arduinobot_ws/build/arduinobot_py_examples/prefix_override:/usr/lib/python3/dist-packages/colcon_core/task/python/colcon_distutils_commands:/home/faraz/arduinobot_ws/install/arduinobot_py_examples/lib/python3.12/site-packages: /usr/bin/python3 -W ignore:setup.py install is deprecated -W ignore:easy_install command is deprecated setup.py egg_info --egg-base ../../build/arduinobot_py_examples build --build-base /home/faraz/arduinobot_ws/build/arduinobot_py_examples/build install --record /home/faraz/arduinobot_ws/build/arduinobot_py_examples/install.log --single-version-externally-managed install_data
