[0.912s] Invoking command in '/home/faraz/arduinobot_ws/build/arduinobot_py_examples': DEBUGINFOD_URLS=https://debuginfod.ubuntu.com PYTHONPATH=/home/faraz/arduinobot_ws/build/arduinobot_py_examples/prefix_override:/usr/lib/python3/dist-packages/colcon_core/task/python/colcon_distutils_commands:/home/faraz/arduinobot_ws/install/arduinobot_py_examples/lib/python3.12/site-packages:${PYTHONPATH} /usr/bin/python3 -W ignore:setup.py install is deprecated -W ignore:easy_install command is deprecated setup.py develop --editable --build-directory /home/faraz/arduinobot_ws/build/arduinobot_py_examples/build --no-deps symlink_data --force
[1.200s] running develop
[1.385s] running egg_info
[1.403s] writing arduinobot_py_examples.egg-info/PKG-INFO
[1.404s] writing dependency_links to arduinobot_py_examples.egg-info/dependency_links.txt
[1.404s] writing entry points to arduinobot_py_examples.egg-info/entry_points.txt
[1.404s] writing requirements to arduinobot_py_examples.egg-info/requires.txt
[1.404s] writing top-level names to arduinobot_py_examples.egg-info/top_level.txt
[1.441s] reading manifest file 'arduinobot_py_examples.egg-info/SOURCES.txt'
[1.441s] writing manifest file 'arduinobot_py_examples.egg-info/SOURCES.txt'
[1.461s] running build_ext
[1.461s] Creating /home/faraz/arduinobot_ws/install/arduinobot_py_examples/lib/python3.12/site-packages/arduinobot-py-examples.egg-link (link to .)
[1.461s] Installing simple_parameter script to /home/faraz/arduinobot_ws/install/arduinobot_py_examples/lib/arduinobot_py_examples
[1.462s] Installing simple_publisher script to /home/faraz/arduinobot_ws/install/arduinobot_py_examples/lib/arduinobot_py_examples
[1.462s] 
[1.462s] Installed /home/faraz/arduinobot_ws/build/arduinobot_py_examples
[1.462s] running symlink_data
[1.462s] symbolically linking /home/faraz/arduinobot_ws/build/arduinobot_py_examples/resource/arduinobot_py_examples -> /home/faraz/arduinobot_ws/install/arduinobot_py_examples/share/ament_index/resource_index/packages
[1.462s] symbolically linking /home/faraz/arduinobot_ws/build/arduinobot_py_examples/package.xml -> /home/faraz/arduinobot_ws/install/arduinobot_py_examples/share/arduinobot_py_examples
[1.494s] Invoked command in '/home/faraz/arduinobot_ws/build/arduinobot_py_examples' returned '0': DEBUGINFOD_URLS=https://debuginfod.ubuntu.com PYTHONPATH=/home/faraz/arduinobot_ws/build/arduinobot_py_examples/prefix_override:/usr/lib/python3/dist-packages/colcon_core/task/python/colcon_distutils_commands:/home/faraz/arduinobot_ws/install/arduinobot_py_examples/lib/python3.12/site-packages:${PYTHONPATH} /usr/bin/python3 -W ignore:setup.py install is deprecated -W ignore:easy_install command is deprecated setup.py develop --editable --build-directory /home/faraz/arduinobot_ws/build/arduinobot_py_examples/build --no-deps symlink_data --force
