[0.015s] Invoking command in '/home/faraz/arduinobot_ws/build/arduinobot_moveit': CMAKE_PREFIX_PATH=${CMAKE_PREFIX_PATH}:/opt/ros/jazzy DEBUGINFOD_URLS=https://debuginfod.ubuntu.com /usr/bin/cmake --build /home/faraz/arduinobot_ws/build/arduinobot_moveit -- -j8 -l8
[0.043s] -- Found ament_cmake: 2.5.4 (/opt/ros/jazzy/share/ament_cmake/cmake)
[0.293s] -- Found ament_lint_auto: 0.17.2 (/opt/ros/jazzy/share/ament_lint_auto/cmake)
[0.387s] -- Added test 'flake8' to check Python code syntax and style conventions
[0.387s] -- Configured 'flake8' exclude dirs and/or files: 
[0.388s] -- Added test 'lint_cmake' to check CMake code style
[0.388s] -- Added test 'pep257' to check Python code against some of the docstring style conventions in PEP 257
[0.390s] -- Added test 'xmllint' to check XML markup files
[0.391s] -- Configuring done (0.4s)
[0.395s] -- Generating done (0.0s)
[0.397s] -- Build files have been written to: /home/faraz/arduinobot_ws/build/arduinobot_moveit
[0.419s] Invoked command in '/home/faraz/arduinobot_ws/build/arduinobot_moveit' returned '0': CMAKE_PREFIX_PATH=${CMAKE_PREFIX_PATH}:/opt/ros/jazzy DEBUGINFOD_URLS=https://debuginfod.ubuntu.com /usr/bin/cmake --build /home/faraz/arduinobot_ws/build/arduinobot_moveit -- -j8 -l8
[0.420s] Invoking command in '/home/faraz/arduinobot_ws/build/arduinobot_moveit': CMAKE_PREFIX_PATH=${CMAKE_PREFIX_PATH}:/opt/ros/jazzy DEBUGINFOD_URLS=https://debuginfod.ubuntu.com /usr/bin/cmake --install /home/faraz/arduinobot_ws/build/arduinobot_moveit
[0.427s] -- Install configuration: ""
[0.428s] -- Up-to-date: /home/faraz/arduinobot_ws/install/arduinobot_moveit/share/arduinobot_moveit/launch
[0.428s] -- Up-to-date: /home/faraz/arduinobot_ws/install/arduinobot_moveit/share/arduinobot_moveit/launch/moveit.launch.py
[0.428s] -- Installing: /home/faraz/arduinobot_ws/install/arduinobot_moveit/share/arduinobot_moveit/config
[0.428s] -- Installing: /home/faraz/arduinobot_ws/install/arduinobot_moveit/share/arduinobot_moveit/config/joint_limits.yaml
[0.428s] -- Installing: /home/faraz/arduinobot_ws/install/arduinobot_moveit/share/arduinobot_moveit/config/plitz_cartesian_limits.yaml
[0.429s] -- Installing: /home/faraz/arduinobot_ws/install/arduinobot_moveit/share/arduinobot_moveit/config/initial_positions.yaml
[0.429s] -- Installing: /home/faraz/arduinobot_ws/install/arduinobot_moveit/share/arduinobot_moveit/config/arduinobot.srdf
[0.429s] -- Installing: /home/faraz/arduinobot_ws/install/arduinobot_moveit/share/arduinobot_moveit/config/moveit_controllers.yaml
[0.429s] -- Installing: /home/faraz/arduinobot_ws/install/arduinobot_moveit/share/arduinobot_moveit/config/kinematic.yaml
[0.429s] -- Installing: /home/faraz/arduinobot_ws/install/arduinobot_moveit/share/ament_index/resource_index/package_run_dependencies/arduinobot_moveit
[0.429s] -- Up-to-date: /home/faraz/arduinobot_ws/install/arduinobot_moveit/share/ament_index/resource_index/parent_prefix_path/arduinobot_moveit
[0.429s] -- Up-to-date: /home/faraz/arduinobot_ws/install/arduinobot_moveit/share/arduinobot_moveit/environment/ament_prefix_path.sh
[0.429s] -- Up-to-date: /home/faraz/arduinobot_ws/install/arduinobot_moveit/share/arduinobot_moveit/environment/ament_prefix_path.dsv
[0.430s] -- Up-to-date: /home/faraz/arduinobot_ws/install/arduinobot_moveit/share/arduinobot_moveit/environment/path.sh
[0.430s] -- Up-to-date: /home/faraz/arduinobot_ws/install/arduinobot_moveit/share/arduinobot_moveit/environment/path.dsv
[0.430s] -- Up-to-date: /home/faraz/arduinobot_ws/install/arduinobot_moveit/share/arduinobot_moveit/local_setup.bash
[0.430s] -- Up-to-date: /home/faraz/arduinobot_ws/install/arduinobot_moveit/share/arduinobot_moveit/local_setup.sh
[0.430s] -- Up-to-date: /home/faraz/arduinobot_ws/install/arduinobot_moveit/share/arduinobot_moveit/local_setup.zsh
[0.430s] -- Up-to-date: /home/faraz/arduinobot_ws/install/arduinobot_moveit/share/arduinobot_moveit/local_setup.dsv
[0.430s] -- Installing: /home/faraz/arduinobot_ws/install/arduinobot_moveit/share/arduinobot_moveit/package.dsv
[0.430s] -- Up-to-date: /home/faraz/arduinobot_ws/install/arduinobot_moveit/share/ament_index/resource_index/packages/arduinobot_moveit
[0.430s] -- Up-to-date: /home/faraz/arduinobot_ws/install/arduinobot_moveit/share/arduinobot_moveit/cmake/arduinobot_moveitConfig.cmake
[0.430s] -- Up-to-date: /home/faraz/arduinobot_ws/install/arduinobot_moveit/share/arduinobot_moveit/cmake/arduinobot_moveitConfig-version.cmake
[0.431s] -- Installing: /home/faraz/arduinobot_ws/install/arduinobot_moveit/share/arduinobot_moveit/package.xml
[0.432s] Invoked command in '/home/faraz/arduinobot_ws/build/arduinobot_moveit' returned '0': CMAKE_PREFIX_PATH=${CMAKE_PREFIX_PATH}:/opt/ros/jazzy DEBUGINFOD_URLS=https://debuginfod.ubuntu.com /usr/bin/cmake --install /home/faraz/arduinobot_ws/build/arduinobot_moveit
