[0.014s] Invoking command in '/home/faraz/arduinobot_ws/build/arduinobot_description': CMAKE_PREFIX_PATH=${CMAKE_PREFIX_PATH}:/home/faraz/arduinobot_ws/install/arduinobot_py_examples:/home/faraz/bumperbot_ws/install/bumperbot_py_examples:/opt/ros/jazzy DEBUGINFOD_URLS=https://debuginfod.ubuntu.com /usr/bin/cmake /home/faraz/arduinobot_ws/src/arduinobot_description -DAMENT_CMAKE_SYMLINK_INSTALL=1 -DCMAKE_INSTALL_PREFIX=/home/faraz/arduinobot_ws/install/arduinobot_description
[0.030s] -- Found ament_cmake: 2.5.4 (/opt/ros/jazzy/share/ament_cmake/cmake)
[0.232s] -- Override CMake install command with custom implementation using symlinks instead of copying resources
[0.237s] -- Found ament_lint_auto: 0.17.2 (/opt/ros/jazzy/share/ament_lint_auto/cmake)
[0.325s] -- Added test 'lint_cmake' to check CMake code style
[0.326s] -- Added test 'xmllint' to check XML markup files
[0.327s] -- Configuring done (0.3s)
[0.330s] -- Generating done (0.0s)
[0.331s] -- Build files have been written to: /home/faraz/arduinobot_ws/build/arduinobot_description
[0.334s] Invoked command in '/home/faraz/arduinobot_ws/build/arduinobot_description' returned '0': CMAKE_PREFIX_PATH=${CMAKE_PREFIX_PATH}:/home/faraz/arduinobot_ws/install/arduinobot_py_examples:/home/faraz/bumperbot_ws/install/bumperbot_py_examples:/opt/ros/jazzy DEBUGINFOD_URLS=https://debuginfod.ubuntu.com /usr/bin/cmake /home/faraz/arduinobot_ws/src/arduinobot_description -DAMENT_CMAKE_SYMLINK_INSTALL=1 -DCMAKE_INSTALL_PREFIX=/home/faraz/arduinobot_ws/install/arduinobot_description
[0.335s] Invoking command in '/home/faraz/arduinobot_ws/build/arduinobot_description': CMAKE_PREFIX_PATH=${CMAKE_PREFIX_PATH}:/home/faraz/arduinobot_ws/install/arduinobot_py_examples:/home/faraz/bumperbot_ws/install/bumperbot_py_examples:/opt/ros/jazzy DEBUGINFOD_URLS=https://debuginfod.ubuntu.com /usr/bin/cmake --build /home/faraz/arduinobot_ws/build/arduinobot_description -- -j8 -l8
[0.371s] Invoked command in '/home/faraz/arduinobot_ws/build/arduinobot_description' returned '0': CMAKE_PREFIX_PATH=${CMAKE_PREFIX_PATH}:/home/faraz/arduinobot_ws/install/arduinobot_py_examples:/home/faraz/bumperbot_ws/install/bumperbot_py_examples:/opt/ros/jazzy DEBUGINFOD_URLS=https://debuginfod.ubuntu.com /usr/bin/cmake --build /home/faraz/arduinobot_ws/build/arduinobot_description -- -j8 -l8
[0.379s] Invoking command in '/home/faraz/arduinobot_ws/build/arduinobot_description': CMAKE_PREFIX_PATH=${CMAKE_PREFIX_PATH}:/home/faraz/arduinobot_ws/install/arduinobot_py_examples:/home/faraz/bumperbot_ws/install/bumperbot_py_examples:/opt/ros/jazzy DEBUGINFOD_URLS=https://debuginfod.ubuntu.com /usr/bin/cmake --install /home/faraz/arduinobot_ws/build/arduinobot_description
[0.386s] -- Install configuration: ""
[0.387s] -- Execute custom install script
[0.387s] -- Up-to-date symlink: /home/faraz/arduinobot_ws/install/arduinobot_description//meshes/base_plate.STL
[0.387s] -- Up-to-date symlink: /home/faraz/arduinobot_ws/install/arduinobot_description//meshes/basement.STL
[0.387s] -- Up-to-date symlink: /home/faraz/arduinobot_ws/install/arduinobot_description//meshes/claw_support.STL
[0.387s] -- Up-to-date symlink: /home/faraz/arduinobot_ws/install/arduinobot_description//meshes/forward_drive_arm.STL
[0.388s] -- Up-to-date symlink: /home/faraz/arduinobot_ws/install/arduinobot_description//meshes/horizontal_arm.STL
[0.388s] -- Up-to-date symlink: /home/faraz/arduinobot_ws/install/arduinobot_description//meshes/left_finger.STL
[0.388s] -- Up-to-date symlink: /home/faraz/arduinobot_ws/install/arduinobot_description//meshes/link.STL
[0.388s] -- Up-to-date symlink: /home/faraz/arduinobot_ws/install/arduinobot_description//meshes/plate.STL
[0.388s] -- Up-to-date symlink: /home/faraz/arduinobot_ws/install/arduinobot_description//meshes/right_finger.STL
[0.388s] -- Up-to-date symlink: /home/faraz/arduinobot_ws/install/arduinobot_description//meshes/round_plate.STL
[0.388s] -- Up-to-date symlink: /home/faraz/arduinobot_ws/install/arduinobot_description//meshes/servo_plate.STL
[0.388s] -- Up-to-date symlink: /home/faraz/arduinobot_ws/install/arduinobot_description//meshes/triangular_link.STL
[0.388s] -- Up-to-date symlink: /home/faraz/arduinobot_ws/install/arduinobot_description//meshes/vertical_drive_arm.STL
[0.389s] -- Up-to-date symlink: /home/faraz/arduinobot_ws/install/arduinobot_description//urdf/arduinobot.urdf.xacro
[0.389s] -- Up-to-date symlink: /home/faraz/arduinobot_ws/install/arduinobot_description/share/ament_index/resource_index/package_run_dependencies/arduinobot_description
[0.389s] -- Up-to-date symlink: /home/faraz/arduinobot_ws/install/arduinobot_description/share/ament_index/resource_index/parent_prefix_path/arduinobot_description
[0.389s] -- Up-to-date symlink: /home/faraz/arduinobot_ws/install/arduinobot_description/share/arduinobot_description/environment/ament_prefix_path.sh
[0.389s] -- Up-to-date symlink: /home/faraz/arduinobot_ws/install/arduinobot_description/share/arduinobot_description/environment/ament_prefix_path.dsv
[0.390s] -- Up-to-date symlink: /home/faraz/arduinobot_ws/install/arduinobot_description/share/arduinobot_description/environment/path.sh
[0.390s] -- Up-to-date symlink: /home/faraz/arduinobot_ws/install/arduinobot_description/share/arduinobot_description/environment/path.dsv
[0.390s] -- Up-to-date symlink: /home/faraz/arduinobot_ws/install/arduinobot_description/share/arduinobot_description/local_setup.bash
[0.390s] -- Up-to-date symlink: /home/faraz/arduinobot_ws/install/arduinobot_description/share/arduinobot_description/local_setup.sh
[0.390s] -- Up-to-date symlink: /home/faraz/arduinobot_ws/install/arduinobot_description/share/arduinobot_description/local_setup.zsh
[0.390s] -- Up-to-date symlink: /home/faraz/arduinobot_ws/install/arduinobot_description/share/arduinobot_description/local_setup.dsv
[0.390s] -- Symlinking: /home/faraz/arduinobot_ws/install/arduinobot_description/share/arduinobot_description/package.dsv
[0.399s] -- Up-to-date symlink: /home/faraz/arduinobot_ws/install/arduinobot_description/share/ament_index/resource_index/packages/arduinobot_description
[0.399s] -- Up-to-date symlink: /home/faraz/arduinobot_ws/install/arduinobot_description/share/arduinobot_description/cmake/arduinobot_descriptionConfig.cmake
[0.399s] -- Up-to-date symlink: /home/faraz/arduinobot_ws/install/arduinobot_description/share/arduinobot_description/cmake/arduinobot_descriptionConfig-version.cmake
[0.399s] -- Up-to-date symlink: /home/faraz/arduinobot_ws/install/arduinobot_description/share/arduinobot_description/package.xml
[0.401s] Invoked command in '/home/faraz/arduinobot_ws/build/arduinobot_description' returned '0': CMAKE_PREFIX_PATH=${CMAKE_PREFIX_PATH}:/home/faraz/arduinobot_ws/install/arduinobot_py_examples:/home/faraz/bumperbot_ws/install/bumperbot_py_examples:/opt/ros/jazzy DEBUGINFOD_URLS=https://debuginfod.ubuntu.com /usr/bin/cmake --install /home/faraz/arduinobot_ws/build/arduinobot_description
