[0.892s] Invoking command in '/home/faraz/arduinobot_ws/src/arduinobot_py_examples': DEBUGINFOD_URLS=https://debuginfod.ubuntu.com PYTHONPATH=/home/faraz/arduinobot_ws/src/build/arduinobot_py_examples/prefix_override:/usr/lib/python3/dist-packages/colcon_core/task/python/colcon_distutils_commands:/home/faraz/arduinobot_ws/src/install/arduinobot_py_examples/lib/python3.12/site-packages:${PYTHONPATH} /usr/bin/python3 -W ignore:setup.py install is deprecated -W ignore:easy_install command is deprecated setup.py egg_info --egg-base ../build/arduinobot_py_examples build --build-base /home/faraz/arduinobot_ws/src/build/arduinobot_py_examples/build install --record /home/faraz/arduinobot_ws/src/build/arduinobot_py_examples/install.log --single-version-externally-managed install_data
[1.147s] running egg_info
[1.147s] creating ../build/arduinobot_py_examples/arduinobot_py_examples.egg-info
[1.165s] writing ../build/arduinobot_py_examples/arduinobot_py_examples.egg-info/PKG-INFO
[1.165s] writing dependency_links to ../build/arduinobot_py_examples/arduinobot_py_examples.egg-info/dependency_links.txt
[1.165s] writing entry points to ../build/arduinobot_py_examples/arduinobot_py_examples.egg-info/entry_points.txt
[1.165s] writing requirements to ../build/arduinobot_py_examples/arduinobot_py_examples.egg-info/requires.txt
[1.165s] writing top-level names to ../build/arduinobot_py_examples/arduinobot_py_examples.egg-info/top_level.txt
[1.165s] writing manifest file '../build/arduinobot_py_examples/arduinobot_py_examples.egg-info/SOURCES.txt'
[1.201s] reading manifest file '../build/arduinobot_py_examples/arduinobot_py_examples.egg-info/SOURCES.txt'
[1.202s] writing manifest file '../build/arduinobot_py_examples/arduinobot_py_examples.egg-info/SOURCES.txt'
[1.202s] running build
[1.202s] running build_py
[1.202s] creating /home/faraz/arduinobot_ws/src/build/arduinobot_py_examples/build
[1.202s] creating /home/faraz/arduinobot_ws/src/build/arduinobot_py_examples/build/lib
[1.202s] creating /home/faraz/arduinobot_ws/src/build/arduinobot_py_examples/build/lib/arduinobot_py_examples
[1.202s] copying arduinobot_py_examples/simple_parameter.py -> /home/faraz/arduinobot_ws/src/build/arduinobot_py_examples/build/lib/arduinobot_py_examples
[1.202s] copying arduinobot_py_examples/simple_publisher.py -> /home/faraz/arduinobot_ws/src/build/arduinobot_py_examples/build/lib/arduinobot_py_examples
[1.203s] copying arduinobot_py_examples/__init__.py -> /home/faraz/arduinobot_ws/src/build/arduinobot_py_examples/build/lib/arduinobot_py_examples
[1.203s] running install
[1.209s] running install_lib
[1.228s] creating /home/faraz/arduinobot_ws/src/install/arduinobot_py_examples/lib/python3.12/site-packages/arduinobot_py_examples
[1.228s] copying /home/faraz/arduinobot_ws/src/build/arduinobot_py_examples/build/lib/arduinobot_py_examples/simple_parameter.py -> /home/faraz/arduinobot_ws/src/install/arduinobot_py_examples/lib/python3.12/site-packages/arduinobot_py_examples
[1.228s] copying /home/faraz/arduinobot_ws/src/build/arduinobot_py_examples/build/lib/arduinobot_py_examples/simple_publisher.py -> /home/faraz/arduinobot_ws/src/install/arduinobot_py_examples/lib/python3.12/site-packages/arduinobot_py_examples
[1.228s] copying /home/faraz/arduinobot_ws/src/build/arduinobot_py_examples/build/lib/arduinobot_py_examples/__init__.py -> /home/faraz/arduinobot_ws/src/install/arduinobot_py_examples/lib/python3.12/site-packages/arduinobot_py_examples
[1.229s] byte-compiling /home/faraz/arduinobot_ws/src/install/arduinobot_py_examples/lib/python3.12/site-packages/arduinobot_py_examples/simple_parameter.py to simple_parameter.cpython-312.pyc
[1.229s] byte-compiling /home/faraz/arduinobot_ws/src/install/arduinobot_py_examples/lib/python3.12/site-packages/arduinobot_py_examples/simple_publisher.py to simple_publisher.cpython-312.pyc
[1.230s] byte-compiling /home/faraz/arduinobot_ws/src/install/arduinobot_py_examples/lib/python3.12/site-packages/arduinobot_py_examples/__init__.py to __init__.cpython-312.pyc
[1.230s] running install_data
[1.230s] creating /home/faraz/arduinobot_ws/src/install/arduinobot_py_examples/share/ament_index
[1.230s] creating /home/faraz/arduinobot_ws/src/install/arduinobot_py_examples/share/ament_index/resource_index
[1.230s] creating /home/faraz/arduinobot_ws/src/install/arduinobot_py_examples/share/ament_index/resource_index/packages
[1.230s] copying resource/arduinobot_py_examples -> /home/faraz/arduinobot_ws/src/install/arduinobot_py_examples/share/ament_index/resource_index/packages
[1.230s] copying package.xml -> /home/faraz/arduinobot_ws/src/install/arduinobot_py_examples/share/arduinobot_py_examples
[1.230s] running install_egg_info
[1.250s] Copying ../build/arduinobot_py_examples/arduinobot_py_examples.egg-info to /home/faraz/arduinobot_ws/src/install/arduinobot_py_examples/lib/python3.12/site-packages/arduinobot_py_examples-0.0.0-py3.12.egg-info
[1.250s] running install_scripts
[1.373s] Installing simple_parameter script to /home/faraz/arduinobot_ws/src/install/arduinobot_py_examples/lib/arduinobot_py_examples
[1.373s] Installing simple_publisher script to /home/faraz/arduinobot_ws/src/install/arduinobot_py_examples/lib/arduinobot_py_examples
[1.373s] writing list of installed files to '/home/faraz/arduinobot_ws/src/build/arduinobot_py_examples/install.log'
[1.397s] Invoked command in '/home/faraz/arduinobot_ws/src/arduinobot_py_examples' returned '0': DEBUGINFOD_URLS=https://debuginfod.ubuntu.com PYTHONPATH=/home/faraz/arduinobot_ws/src/build/arduinobot_py_examples/prefix_override:/usr/lib/python3/dist-packages/colcon_core/task/python/colcon_distutils_commands:/home/faraz/arduinobot_ws/src/install/arduinobot_py_examples/lib/python3.12/site-packages:${PYTHONPATH} /usr/bin/python3 -W ignore:setup.py install is deprecated -W ignore:easy_install command is deprecated setup.py egg_info --egg-base ../build/arduinobot_py_examples build --build-base /home/faraz/arduinobot_ws/src/build/arduinobot_py_examples/build install --record /home/faraz/arduinobot_ws/src/build/arduinobot_py_examples/install.log --single-version-externally-managed install_data
