-- Found ament_cmake: 2.5.4 (/opt/ros/jazzy/share/ament_cmake/cmake)
-- Override CMake install command with custom implementation using symlinks instead of copying resources
-- Found ament_lint_auto: 0.17.2 (/opt/ros/jazzy/share/ament_lint_auto/cmake)
-- Added test 'lint_cmake' to check CMake code style
-- Added test 'xmllint' to check XML markup files
-- Configuring done (0.3s)
-- Generating done (0.0s)
-- Build files have been written to: /home/faraz/arduinobot_ws/build/arduinobot_description
-- Install configuration: ""
-- Execute custom install script
-- Symlinking: /home/faraz/arduinobot_ws/install/arduinobot_description//meshes/base_plate.STL
-- Symlinking: /home/faraz/arduinobot_ws/install/arduinobot_description//meshes/basement.STL
-- Symlinking: /home/faraz/arduinobot_ws/install/arduinobot_description//meshes/claw_support.STL
-- Symlinking: /home/faraz/arduinobot_ws/install/arduinobot_description//meshes/forward_drive_arm.STL
-- Symlinking: /home/faraz/arduinobot_ws/install/arduinobot_description//meshes/horizontal_arm.STL
-- Symlinking: /home/faraz/arduinobot_ws/install/arduinobot_description//meshes/left_finger.STL
-- Symlinking: /home/faraz/arduinobot_ws/install/arduinobot_description//meshes/link.STL
-- Symlinking: /home/faraz/arduinobot_ws/install/arduinobot_description//meshes/plate.STL
-- Symlinking: /home/faraz/arduinobot_ws/install/arduinobot_description//meshes/right_finger.STL
-- Symlinking: /home/faraz/arduinobot_ws/install/arduinobot_description//meshes/round_plate.STL
-- Symlinking: /home/faraz/arduinobot_ws/install/arduinobot_description//meshes/servo_plate.STL
-- Symlinking: /home/faraz/arduinobot_ws/install/arduinobot_description//meshes/triangular_link.STL
-- Symlinking: /home/faraz/arduinobot_ws/install/arduinobot_description//meshes/vertical_drive_arm.STL
-- Symlinking: /home/faraz/arduinobot_ws/install/arduinobot_description//urdf/arduinobot.urdf.xacro
-- Up-to-date symlink: /home/faraz/arduinobot_ws/install/arduinobot_description/share/ament_index/resource_index/package_run_dependencies/arduinobot_description
-- Up-to-date symlink: /home/faraz/arduinobot_ws/install/arduinobot_description/share/ament_index/resource_index/parent_prefix_path/arduinobot_description
-- Up-to-date symlink: /home/faraz/arduinobot_ws/install/arduinobot_description/share/arduinobot_description/environment/ament_prefix_path.sh
-- Up-to-date symlink: /home/faraz/arduinobot_ws/install/arduinobot_description/share/arduinobot_description/environment/ament_prefix_path.dsv
-- Up-to-date symlink: /home/faraz/arduinobot_ws/install/arduinobot_description/share/arduinobot_description/environment/path.sh
-- Up-to-date symlink: /home/faraz/arduinobot_ws/install/arduinobot_description/share/arduinobot_description/environment/path.dsv
-- Up-to-date symlink: /home/faraz/arduinobot_ws/install/arduinobot_description/share/arduinobot_description/local_setup.bash
-- Up-to-date symlink: /home/faraz/arduinobot_ws/install/arduinobot_description/share/arduinobot_description/local_setup.sh
-- Up-to-date symlink: /home/faraz/arduinobot_ws/install/arduinobot_description/share/arduinobot_description/local_setup.zsh
-- Up-to-date symlink: /home/faraz/arduinobot_ws/install/arduinobot_description/share/arduinobot_description/local_setup.dsv
-- Symlinking: /home/faraz/arduinobot_ws/install/arduinobot_description/share/arduinobot_description/package.dsv
-- Up-to-date symlink: /home/faraz/arduinobot_ws/install/arduinobot_description/share/ament_index/resource_index/packages/arduinobot_description
-- Up-to-date symlink: /home/faraz/arduinobot_ws/install/arduinobot_description/share/arduinobot_description/cmake/arduinobot_descriptionConfig.cmake
-- Up-to-date symlink: /home/faraz/arduinobot_ws/install/arduinobot_description/share/arduinobot_description/cmake/arduinobot_descriptionConfig-version.cmake
-- Up-to-date symlink: /home/faraz/arduinobot_ws/install/arduinobot_description/share/arduinobot_description/package.xml
