[0.017s] Invoking command in '/home/faraz/arduinobot_ws/build/arduinobot_description': CMAKE_PREFIX_PATH=${CMAKE_PREFIX_PATH}:/home/faraz/bumperbot_ws/install/bumperbot_py_examples:/opt/ros/jazzy DEBUGINFOD_URLS=https://debuginfod.ubuntu.com /usr/bin/cmake /home/faraz/arduinobot_ws/src/arduinobot_description -DCMAKE_INSTALL_PREFIX=/home/faraz/arduinobot_ws/install/arduinobot_description
[0.053s] -- Found ament_cmake: 2.5.4 (/opt/ros/jazzy/share/ament_cmake/cmake)
[0.275s] -- Override CMake install command with custom implementation using symlinks instead of copying resources
[0.291s] -- Found ament_lint_auto: 0.17.2 (/opt/ros/jazzy/share/ament_lint_auto/cmake)
[0.389s] -- Added test 'lint_cmake' to check CMake code style
[0.391s] -- Added test 'xmllint' to check XML markup files
[0.392s] -- Configuring done (0.3s)
[0.399s] -- Generating done (0.0s)
[0.402s] -- Build files have been written to: /home/faraz/arduinobot_ws/build/arduinobot_description
[0.407s] Invoked command in '/home/faraz/arduinobot_ws/build/arduinobot_description' returned '0': CMAKE_PREFIX_PATH=${CMAKE_PREFIX_PATH}:/home/faraz/bumperbot_ws/install/bumperbot_py_examples:/opt/ros/jazzy DEBUGINFOD_URLS=https://debuginfod.ubuntu.com /usr/bin/cmake /home/faraz/arduinobot_ws/src/arduinobot_description -DCMAKE_INSTALL_PREFIX=/home/faraz/arduinobot_ws/install/arduinobot_description
[0.408s] Invoking command in '/home/faraz/arduinobot_ws/build/arduinobot_description': CMAKE_PREFIX_PATH=${CMAKE_PREFIX_PATH}:/home/faraz/bumperbot_ws/install/bumperbot_py_examples:/opt/ros/jazzy DEBUGINFOD_URLS=https://debuginfod.ubuntu.com /usr/bin/cmake --build /home/faraz/arduinobot_ws/build/arduinobot_description -- -j8 -l8
[0.445s] Invoked command in '/home/faraz/arduinobot_ws/build/arduinobot_description' returned '0': CMAKE_PREFIX_PATH=${CMAKE_PREFIX_PATH}:/home/faraz/bumperbot_ws/install/bumperbot_py_examples:/opt/ros/jazzy DEBUGINFOD_URLS=https://debuginfod.ubuntu.com /usr/bin/cmake --build /home/faraz/arduinobot_ws/build/arduinobot_description -- -j8 -l8
[0.454s] Invoking command in '/home/faraz/arduinobot_ws/build/arduinobot_description': CMAKE_PREFIX_PATH=${CMAKE_PREFIX_PATH}:/home/faraz/bumperbot_ws/install/bumperbot_py_examples:/opt/ros/jazzy DEBUGINFOD_URLS=https://debuginfod.ubuntu.com /usr/bin/cmake --install /home/faraz/arduinobot_ws/build/arduinobot_description
[0.461s] -- Install configuration: ""
[0.461s] -- Execute custom install script
[0.462s] -- Symlinking: /home/faraz/arduinobot_ws/install/arduinobot_description//meshes/base_plate.STL
[0.470s] -- Symlinking: /home/faraz/arduinobot_ws/install/arduinobot_description//meshes/basement.STL
[0.478s] -- Symlinking: /home/faraz/arduinobot_ws/install/arduinobot_description//meshes/claw_support.STL
[0.486s] -- Symlinking: /home/faraz/arduinobot_ws/install/arduinobot_description//meshes/forward_drive_arm.STL
[0.494s] -- Symlinking: /home/faraz/arduinobot_ws/install/arduinobot_description//meshes/horizontal_arm.STL
[0.503s] -- Symlinking: /home/faraz/arduinobot_ws/install/arduinobot_description//meshes/left_finger.STL
[0.511s] -- Symlinking: /home/faraz/arduinobot_ws/install/arduinobot_description//meshes/link.STL
[0.521s] -- Symlinking: /home/faraz/arduinobot_ws/install/arduinobot_description//meshes/plate.STL
[0.529s] -- Symlinking: /home/faraz/arduinobot_ws/install/arduinobot_description//meshes/right_finger.STL
[0.537s] -- Symlinking: /home/faraz/arduinobot_ws/install/arduinobot_description//meshes/round_plate.STL
[0.545s] -- Symlinking: /home/faraz/arduinobot_ws/install/arduinobot_description//meshes/servo_plate.STL
[0.553s] -- Symlinking: /home/faraz/arduinobot_ws/install/arduinobot_description//meshes/triangular_link.STL
[0.561s] -- Symlinking: /home/faraz/arduinobot_ws/install/arduinobot_description//meshes/vertical_drive_arm.STL
[0.570s] -- Symlinking: /home/faraz/arduinobot_ws/install/arduinobot_description//urdf/arduinobot.urdf.xacro
[0.579s] -- Up-to-date symlink: /home/faraz/arduinobot_ws/install/arduinobot_description/share/ament_index/resource_index/package_run_dependencies/arduinobot_description
[0.579s] -- Up-to-date symlink: /home/faraz/arduinobot_ws/install/arduinobot_description/share/ament_index/resource_index/parent_prefix_path/arduinobot_description
[0.579s] -- Up-to-date symlink: /home/faraz/arduinobot_ws/install/arduinobot_description/share/arduinobot_description/environment/ament_prefix_path.sh
[0.579s] -- Up-to-date symlink: /home/faraz/arduinobot_ws/install/arduinobot_description/share/arduinobot_description/environment/ament_prefix_path.dsv
[0.579s] -- Up-to-date symlink: /home/faraz/arduinobot_ws/install/arduinobot_description/share/arduinobot_description/environment/path.sh
[0.579s] -- Up-to-date symlink: /home/faraz/arduinobot_ws/install/arduinobot_description/share/arduinobot_description/environment/path.dsv
[0.580s] -- Up-to-date symlink: /home/faraz/arduinobot_ws/install/arduinobot_description/share/arduinobot_description/local_setup.bash
[0.580s] -- Up-to-date symlink: /home/faraz/arduinobot_ws/install/arduinobot_description/share/arduinobot_description/local_setup.sh
[0.580s] -- Up-to-date symlink: /home/faraz/arduinobot_ws/install/arduinobot_description/share/arduinobot_description/local_setup.zsh
[0.581s] -- Up-to-date symlink: /home/faraz/arduinobot_ws/install/arduinobot_description/share/arduinobot_description/local_setup.dsv
[0.581s] -- Symlinking: /home/faraz/arduinobot_ws/install/arduinobot_description/share/arduinobot_description/package.dsv
[0.589s] -- Up-to-date symlink: /home/faraz/arduinobot_ws/install/arduinobot_description/share/ament_index/resource_index/packages/arduinobot_description
[0.590s] -- Up-to-date symlink: /home/faraz/arduinobot_ws/install/arduinobot_description/share/arduinobot_description/cmake/arduinobot_descriptionConfig.cmake
[0.590s] -- Up-to-date symlink: /home/faraz/arduinobot_ws/install/arduinobot_description/share/arduinobot_description/cmake/arduinobot_descriptionConfig-version.cmake
[0.590s] -- Up-to-date symlink: /home/faraz/arduinobot_ws/install/arduinobot_description/share/arduinobot_description/package.xml
[0.592s] Invoked command in '/home/faraz/arduinobot_ws/build/arduinobot_description' returned '0': CMAKE_PREFIX_PATH=${CMAKE_PREFIX_PATH}:/home/faraz/bumperbot_ws/install/bumperbot_py_examples:/opt/ros/jazzy DEBUGINFOD_URLS=https://debuginfod.ubuntu.com /usr/bin/cmake --install /home/faraz/arduinobot_ws/build/arduinobot_description
