[0.833s] Invoking command in '/home/faraz/arduinobot_ws/src/arduinobot_py_examples': DEBUGINFOD_URLS=https://debuginfod.ubuntu.com PYTHONPATH=/home/faraz/arduinobot_ws/build/arduinobot_py_examples/prefix_override:/usr/lib/python3/dist-packages/colcon_core/task/python/colcon_distutils_commands:/home/faraz/arduinobot_ws/install/arduinobot_py_examples/lib/python3.12/site-packages:${PYTHONPATH} /usr/bin/python3 -W ignore:setup.py install is deprecated -W ignore:easy_install command is deprecated setup.py egg_info --egg-base ../../build/arduinobot_py_examples build --build-base /home/faraz/arduinobot_ws/build/arduinobot_py_examples/build install --record /home/faraz/arduinobot_ws/build/arduinobot_py_examples/install.log --single-version-externally-managed install_data
[1.069s] running egg_info
[1.087s] writing ../../build/arduinobot_py_examples/arduinobot_py_examples.egg-info/PKG-INFO
[1.087s] writing dependency_links to ../../build/arduinobot_py_examples/arduinobot_py_examples.egg-info/dependency_links.txt
[1.087s] writing entry points to ../../build/arduinobot_py_examples/arduinobot_py_examples.egg-info/entry_points.txt
[1.087s] writing requirements to ../../build/arduinobot_py_examples/arduinobot_py_examples.egg-info/requires.txt
[1.087s] writing top-level names to ../../build/arduinobot_py_examples/arduinobot_py_examples.egg-info/top_level.txt
[1.124s] reading manifest file '../../build/arduinobot_py_examples/arduinobot_py_examples.egg-info/SOURCES.txt'
[1.125s] writing manifest file '../../build/arduinobot_py_examples/arduinobot_py_examples.egg-info/SOURCES.txt'
[1.125s] running build
[1.125s] running build_py
[1.125s] running install
[1.130s] running install_lib
[1.148s] running install_data
[1.148s] running install_egg_info
[1.167s] removing '/home/faraz/arduinobot_ws/install/arduinobot_py_examples/lib/python3.12/site-packages/arduinobot_py_examples-0.0.0-py3.12.egg-info' (and everything under it)
[1.167s] Copying ../../build/arduinobot_py_examples/arduinobot_py_examples.egg-info to /home/faraz/arduinobot_ws/install/arduinobot_py_examples/lib/python3.12/site-packages/arduinobot_py_examples-0.0.0-py3.12.egg-info
[1.168s] running install_scripts
[1.285s] Installing simple_parameter script to /home/faraz/arduinobot_ws/install/arduinobot_py_examples/lib/arduinobot_py_examples
[1.285s] Installing simple_publisher script to /home/faraz/arduinobot_ws/install/arduinobot_py_examples/lib/arduinobot_py_examples
[1.285s] writing list of installed files to '/home/faraz/arduinobot_ws/build/arduinobot_py_examples/install.log'
[1.313s] Invoked command in '/home/faraz/arduinobot_ws/src/arduinobot_py_examples' returned '0': DEBUGINFOD_URLS=https://debuginfod.ubuntu.com PYTHONPATH=/home/faraz/arduinobot_ws/build/arduinobot_py_examples/prefix_override:/usr/lib/python3/dist-packages/colcon_core/task/python/colcon_distutils_commands:/home/faraz/arduinobot_ws/install/arduinobot_py_examples/lib/python3.12/site-packages:${PYTHONPATH} /usr/bin/python3 -W ignore:setup.py install is deprecated -W ignore:easy_install command is deprecated setup.py egg_info --egg-base ../../build/arduinobot_py_examples build --build-base /home/faraz/arduinobot_ws/build/arduinobot_py_examples/build install --record /home/faraz/arduinobot_ws/build/arduinobot_py_examples/install.log --single-version-externally-managed install_data
