[0.088s] DEBUG:colcon:Command line arguments: ['/usr/bin/colcon', 'build']
[0.088s] DEBUG:colcon:Parsed command line arguments: Namespace(log_base=None, log_level=None, verb_name='build', build_base='build', install_base='install', merge_install=False, symlink_install=False, test_result_base=None, continue_on_error=False, executor='parallel', parallel_workers=8, event_handlers=None, ignore_user_meta=False, metas=['./colcon.meta'], base_paths=['.'], packages_ignore=None, packages_ignore_regex=None, paths=None, packages_up_to=None, packages_up_to_regex=None, packages_above=None, packages_above_and_dependencies=None, packages_above_depth=None, packages_select_by_dep=None, packages_skip_by_dep=None, packages_skip_up_to=None, packages_select_build_failed=False, packages_skip_build_finished=False, packages_select_test_failures=False, packages_skip_test_passed=False, packages_select=None, packages_skip=None, packages_select_regex=None, packages_skip_regex=None, packages_start=None, packages_end=None, allow_overriding=[], cmake_args=None, cmake_target=None, cmake_target_skip_unavailable=False, cmake_clean_cache=False, cmake_clean_first=False, cmake_force_configure=False, ament_cmake_args=None, catkin_cmake_args=None, catkin_skip_building_tests=False, mixin_files=None, mixin=None, verb_parser=<colcon_mixin.mixin.mixin_argument.MixinArgumentDecorator object at 0x77d171a94980>, verb_extension=<colcon_core.verb.build.BuildVerb object at 0x77d171bba6c0>, main=<bound method BuildVerb.main of <colcon_core.verb.build.BuildVerb object at 0x77d171bba6c0>>, mixin_verb=('build',))
[0.118s] Level 1:colcon.colcon_core.package_discovery:discover_packages(colcon_meta) check parameters
[0.119s] Level 1:colcon.colcon_core.package_discovery:discover_packages(recursive) check parameters
[0.119s] Level 1:colcon.colcon_core.package_discovery:discover_packages(ignore) check parameters
[0.119s] Level 1:colcon.colcon_core.package_discovery:discover_packages(path) check parameters
[0.119s] Level 1:colcon.colcon_core.package_discovery:discover_packages(colcon_meta) discover
[0.119s] Level 1:colcon.colcon_core.package_discovery:discover_packages(recursive) discover
[0.119s] INFO:colcon.colcon_core.package_discovery:Crawling recursively for packages in '/home/faraz/arduinobot_ws'
[0.119s] Level 1:colcon.colcon_core.package_identification:_identify(.) by extensions ['ignore', 'ignore_ament_install']
[0.119s] Level 1:colcon.colcon_core.package_identification:_identify(.) by extension 'ignore'
[0.119s] Level 1:colcon.colcon_core.package_identification:_identify(.) by extension 'ignore_ament_install'
[0.119s] Level 1:colcon.colcon_core.package_identification:_identify(.) by extensions ['colcon_pkg']
[0.119s] Level 1:colcon.colcon_core.package_identification:_identify(.) by extension 'colcon_pkg'
[0.119s] Level 1:colcon.colcon_core.package_identification:_identify(.) by extensions ['colcon_meta']
[0.119s] Level 1:colcon.colcon_core.package_identification:_identify(.) by extension 'colcon_meta'
[0.119s] Level 1:colcon.colcon_core.package_identification:_identify(.) by extensions ['ros']
[0.119s] Level 1:colcon.colcon_core.package_identification:_identify(.) by extension 'ros'
[0.140s] Level 1:colcon.colcon_core.package_identification:_identify(.) by extensions ['cmake', 'python']
[0.140s] Level 1:colcon.colcon_core.package_identification:_identify(.) by extension 'cmake'
[0.140s] Level 1:colcon.colcon_core.package_identification:_identify(.) by extension 'python'
[0.140s] Level 1:colcon.colcon_core.package_identification:_identify(.) by extensions ['python_setup_py']
[0.140s] Level 1:colcon.colcon_core.package_identification:_identify(.) by extension 'python_setup_py'
[0.141s] Level 1:colcon.colcon_core.package_identification:_identify(build) by extensions ['ignore', 'ignore_ament_install']
[0.141s] Level 1:colcon.colcon_core.package_identification:_identify(build) by extension 'ignore'
[0.141s] Level 1:colcon.colcon_core.package_identification:_identify(build) ignored
[0.141s] Level 1:colcon.colcon_core.package_identification:_identify(install) by extensions ['ignore', 'ignore_ament_install']
[0.141s] Level 1:colcon.colcon_core.package_identification:_identify(install) by extension 'ignore'
[0.141s] Level 1:colcon.colcon_core.package_identification:_identify(install) ignored
[0.141s] Level 1:colcon.colcon_core.package_identification:_identify(log) by extensions ['ignore', 'ignore_ament_install']
[0.141s] Level 1:colcon.colcon_core.package_identification:_identify(log) by extension 'ignore'
[0.141s] Level 1:colcon.colcon_core.package_identification:_identify(log) ignored
[0.141s] Level 1:colcon.colcon_core.package_identification:_identify(src) by extensions ['ignore', 'ignore_ament_install']
[0.141s] Level 1:colcon.colcon_core.package_identification:_identify(src) by extension 'ignore'
[0.141s] Level 1:colcon.colcon_core.package_identification:_identify(src) by extension 'ignore_ament_install'
[0.141s] Level 1:colcon.colcon_core.package_identification:_identify(src) by extensions ['colcon_pkg']
[0.141s] Level 1:colcon.colcon_core.package_identification:_identify(src) by extension 'colcon_pkg'
[0.141s] Level 1:colcon.colcon_core.package_identification:_identify(src) by extensions ['colcon_meta']
[0.141s] Level 1:colcon.colcon_core.package_identification:_identify(src) by extension 'colcon_meta'
[0.141s] Level 1:colcon.colcon_core.package_identification:_identify(src) by extensions ['ros']
[0.141s] Level 1:colcon.colcon_core.package_identification:_identify(src) by extension 'ros'
[0.141s] Level 1:colcon.colcon_core.package_identification:_identify(src) by extensions ['cmake', 'python']
[0.141s] Level 1:colcon.colcon_core.package_identification:_identify(src) by extension 'cmake'
[0.141s] Level 1:colcon.colcon_core.package_identification:_identify(src) by extension 'python'
[0.141s] Level 1:colcon.colcon_core.package_identification:_identify(src) by extensions ['python_setup_py']
[0.141s] Level 1:colcon.colcon_core.package_identification:_identify(src) by extension 'python_setup_py'
[0.142s] Level 1:colcon.colcon_core.package_identification:_identify(src/arduinobot_controller) by extensions ['ignore', 'ignore_ament_install']
[0.142s] Level 1:colcon.colcon_core.package_identification:_identify(src/arduinobot_controller) by extension 'ignore'
[0.142s] Level 1:colcon.colcon_core.package_identification:_identify(src/arduinobot_controller) by extension 'ignore_ament_install'
[0.142s] Level 1:colcon.colcon_core.package_identification:_identify(src/arduinobot_controller) by extensions ['colcon_pkg']
[0.142s] Level 1:colcon.colcon_core.package_identification:_identify(src/arduinobot_controller) by extension 'colcon_pkg'
[0.142s] Level 1:colcon.colcon_core.package_identification:_identify(src/arduinobot_controller) by extensions ['colcon_meta']
[0.142s] Level 1:colcon.colcon_core.package_identification:_identify(src/arduinobot_controller) by extension 'colcon_meta'
[0.142s] Level 1:colcon.colcon_core.package_identification:_identify(src/arduinobot_controller) by extensions ['ros']
[0.142s] Level 1:colcon.colcon_core.package_identification:_identify(src/arduinobot_controller) by extension 'ros'
[0.144s] DEBUG:colcon.colcon_core.package_identification:Package 'src/arduinobot_controller' with type 'ros.ament_cmake' and name 'arduinobot_controller'
[0.144s] Level 1:colcon.colcon_core.package_identification:_identify(src/arduinobot_description) by extensions ['ignore', 'ignore_ament_install']
[0.144s] Level 1:colcon.colcon_core.package_identification:_identify(src/arduinobot_description) by extension 'ignore'
[0.144s] Level 1:colcon.colcon_core.package_identification:_identify(src/arduinobot_description) by extension 'ignore_ament_install'
[0.144s] Level 1:colcon.colcon_core.package_identification:_identify(src/arduinobot_description) by extensions ['colcon_pkg']
[0.144s] Level 1:colcon.colcon_core.package_identification:_identify(src/arduinobot_description) by extension 'colcon_pkg'
[0.144s] Level 1:colcon.colcon_core.package_identification:_identify(src/arduinobot_description) by extensions ['colcon_meta']
[0.144s] Level 1:colcon.colcon_core.package_identification:_identify(src/arduinobot_description) by extension 'colcon_meta'
[0.144s] Level 1:colcon.colcon_core.package_identification:_identify(src/arduinobot_description) by extensions ['ros']
[0.144s] Level 1:colcon.colcon_core.package_identification:_identify(src/arduinobot_description) by extension 'ros'
[0.146s] DEBUG:colcon.colcon_core.package_identification:Package 'src/arduinobot_description' with type 'ros.ament_cmake' and name 'arduinobot_description'
[0.147s] Level 1:colcon.colcon_core.package_identification:_identify(src/arduinobot_moveit) by extensions ['ignore', 'ignore_ament_install']
[0.147s] Level 1:colcon.colcon_core.package_identification:_identify(src/arduinobot_moveit) by extension 'ignore'
[0.147s] Level 1:colcon.colcon_core.package_identification:_identify(src/arduinobot_moveit) by extension 'ignore_ament_install'
[0.147s] Level 1:colcon.colcon_core.package_identification:_identify(src/arduinobot_moveit) by extensions ['colcon_pkg']
[0.147s] Level 1:colcon.colcon_core.package_identification:_identify(src/arduinobot_moveit) by extension 'colcon_pkg'
[0.147s] Level 1:colcon.colcon_core.package_identification:_identify(src/arduinobot_moveit) by extensions ['colcon_meta']
[0.147s] Level 1:colcon.colcon_core.package_identification:_identify(src/arduinobot_moveit) by extension 'colcon_meta'
[0.147s] Level 1:colcon.colcon_core.package_identification:_identify(src/arduinobot_moveit) by extensions ['ros']
[0.147s] Level 1:colcon.colcon_core.package_identification:_identify(src/arduinobot_moveit) by extension 'ros'
[0.147s] DEBUG:colcon.colcon_core.package_identification:Package 'src/arduinobot_moveit' with type 'ros.ament_cmake' and name 'arduinobot_moveit'
[0.147s] Level 1:colcon.colcon_core.package_identification:_identify(src/arduinobot_msgs) by extensions ['ignore', 'ignore_ament_install']
[0.147s] Level 1:colcon.colcon_core.package_identification:_identify(src/arduinobot_msgs) by extension 'ignore'
[0.147s] Level 1:colcon.colcon_core.package_identification:_identify(src/arduinobot_msgs) by extension 'ignore_ament_install'
[0.147s] Level 1:colcon.colcon_core.package_identification:_identify(src/arduinobot_msgs) by extensions ['colcon_pkg']
[0.147s] Level 1:colcon.colcon_core.package_identification:_identify(src/arduinobot_msgs) by extension 'colcon_pkg'
[0.147s] Level 1:colcon.colcon_core.package_identification:_identify(src/arduinobot_msgs) by extensions ['colcon_meta']
[0.148s] Level 1:colcon.colcon_core.package_identification:_identify(src/arduinobot_msgs) by extension 'colcon_meta'
[0.148s] Level 1:colcon.colcon_core.package_identification:_identify(src/arduinobot_msgs) by extensions ['ros']
[0.148s] Level 1:colcon.colcon_core.package_identification:_identify(src/arduinobot_msgs) by extension 'ros'
[0.148s] DEBUG:colcon.colcon_core.package_identification:Package 'src/arduinobot_msgs' with type 'ros.ament_cmake' and name 'arduinobot_msgs'
[0.148s] Level 1:colcon.colcon_core.package_identification:_identify(src/arduinobot_py_examples) by extensions ['ignore', 'ignore_ament_install']
[0.148s] Level 1:colcon.colcon_core.package_identification:_identify(src/arduinobot_py_examples) by extension 'ignore'
[0.148s] Level 1:colcon.colcon_core.package_identification:_identify(src/arduinobot_py_examples) by extension 'ignore_ament_install'
[0.148s] Level 1:colcon.colcon_core.package_identification:_identify(src/arduinobot_py_examples) by extensions ['colcon_pkg']
[0.148s] Level 1:colcon.colcon_core.package_identification:_identify(src/arduinobot_py_examples) by extension 'colcon_pkg'
[0.148s] Level 1:colcon.colcon_core.package_identification:_identify(src/arduinobot_py_examples) by extensions ['colcon_meta']
[0.148s] Level 1:colcon.colcon_core.package_identification:_identify(src/arduinobot_py_examples) by extension 'colcon_meta'
[0.148s] Level 1:colcon.colcon_core.package_identification:_identify(src/arduinobot_py_examples) by extensions ['ros']
[0.148s] Level 1:colcon.colcon_core.package_identification:_identify(src/arduinobot_py_examples) by extension 'ros'
[0.149s] DEBUG:colcon.colcon_core.package_identification:Package 'src/arduinobot_py_examples' with type 'ros.ament_python' and name 'arduinobot_py_examples'
[0.149s] Level 1:colcon.colcon_core.package_identification:_identify(src/build) by extensions ['ignore', 'ignore_ament_install']
[0.149s] Level 1:colcon.colcon_core.package_identification:_identify(src/build) by extension 'ignore'
[0.149s] Level 1:colcon.colcon_core.package_identification:_identify(src/build) ignored
[0.149s] Level 1:colcon.colcon_core.package_identification:_identify(src/install) by extensions ['ignore', 'ignore_ament_install']
[0.149s] Level 1:colcon.colcon_core.package_identification:_identify(src/install) by extension 'ignore'
[0.149s] Level 1:colcon.colcon_core.package_identification:_identify(src/install) ignored
[0.149s] Level 1:colcon.colcon_core.package_identification:_identify(src/log) by extensions ['ignore', 'ignore_ament_install']
[0.149s] Level 1:colcon.colcon_core.package_identification:_identify(src/log) by extension 'ignore'
[0.149s] Level 1:colcon.colcon_core.package_identification:_identify(src/log) ignored
[0.149s] Level 1:colcon.colcon_core.package_discovery:discover_packages(recursive) using defaults
[0.149s] Level 1:colcon.colcon_core.package_discovery:discover_packages(ignore) discover
[0.149s] Level 1:colcon.colcon_core.package_discovery:discover_packages(ignore) using defaults
[0.149s] Level 1:colcon.colcon_core.package_discovery:discover_packages(path) discover
[0.149s] Level 1:colcon.colcon_core.package_discovery:discover_packages(path) using defaults
[0.164s] Level 1:colcon.colcon_core.package_discovery:discover_packages(prefix_path) check parameters
[0.164s] Level 1:colcon.colcon_core.package_discovery:discover_packages(prefix_path) discover
[0.166s] DEBUG:colcon.colcon_installed_package_information.package_discovery:Found 449 installed packages in /opt/ros/jazzy
[0.168s] Level 1:colcon.colcon_core.package_discovery:discover_packages(prefix_path) using defaults
[0.213s] Level 5:colcon.colcon_core.verb:set package 'arduinobot_controller' build argument 'cmake_args' from command line to 'None'
[0.213s] Level 5:colcon.colcon_core.verb:set package 'arduinobot_controller' build argument 'cmake_target' from command line to 'None'
[0.213s] Level 5:colcon.colcon_core.verb:set package 'arduinobot_controller' build argument 'cmake_target_skip_unavailable' from command line to 'False'
[0.213s] Level 5:colcon.colcon_core.verb:set package 'arduinobot_controller' build argument 'cmake_clean_cache' from command line to 'False'
[0.213s] Level 5:colcon.colcon_core.verb:set package 'arduinobot_controller' build argument 'cmake_clean_first' from command line to 'False'
[0.213s] Level 5:colcon.colcon_core.verb:set package 'arduinobot_controller' build argument 'cmake_force_configure' from command line to 'False'
[0.213s] Level 5:colcon.colcon_core.verb:set package 'arduinobot_controller' build argument 'ament_cmake_args' from command line to 'None'
[0.213s] Level 5:colcon.colcon_core.verb:set package 'arduinobot_controller' build argument 'catkin_cmake_args' from command line to 'None'
[0.213s] Level 5:colcon.colcon_core.verb:set package 'arduinobot_controller' build argument 'catkin_skip_building_tests' from command line to 'False'
[0.213s] DEBUG:colcon.colcon_core.verb:Building package 'arduinobot_controller' with the following arguments: {'ament_cmake_args': None, 'build_base': '/home/faraz/arduinobot_ws/build/arduinobot_controller', 'catkin_cmake_args': None, 'catkin_skip_building_tests': False, 'cmake_args': None, 'cmake_clean_cache': False, 'cmake_clean_first': False, 'cmake_force_configure': False, 'cmake_target': None, 'cmake_target_skip_unavailable': False, 'install_base': '/home/faraz/arduinobot_ws/install/arduinobot_controller', 'merge_install': False, 'path': '/home/faraz/arduinobot_ws/src/arduinobot_controller', 'symlink_install': False, 'test_result_base': None}
[0.214s] Level 5:colcon.colcon_core.verb:set package 'arduinobot_description' build argument 'cmake_args' from command line to 'None'
[0.214s] Level 5:colcon.colcon_core.verb:set package 'arduinobot_description' build argument 'cmake_target' from command line to 'None'
[0.214s] Level 5:colcon.colcon_core.verb:set package 'arduinobot_description' build argument 'cmake_target_skip_unavailable' from command line to 'False'
[0.214s] Level 5:colcon.colcon_core.verb:set package 'arduinobot_description' build argument 'cmake_clean_cache' from command line to 'False'
[0.214s] Level 5:colcon.colcon_core.verb:set package 'arduinobot_description' build argument 'cmake_clean_first' from command line to 'False'
[0.214s] Level 5:colcon.colcon_core.verb:set package 'arduinobot_description' build argument 'cmake_force_configure' from command line to 'False'
[0.214s] Level 5:colcon.colcon_core.verb:set package 'arduinobot_description' build argument 'ament_cmake_args' from command line to 'None'
[0.214s] Level 5:colcon.colcon_core.verb:set package 'arduinobot_description' build argument 'catkin_cmake_args' from command line to 'None'
[0.214s] Level 5:colcon.colcon_core.verb:set package 'arduinobot_description' build argument 'catkin_skip_building_tests' from command line to 'False'
[0.214s] DEBUG:colcon.colcon_core.verb:Building package 'arduinobot_description' with the following arguments: {'ament_cmake_args': None, 'build_base': '/home/faraz/arduinobot_ws/build/arduinobot_description', 'catkin_cmake_args': None, 'catkin_skip_building_tests': False, 'cmake_args': None, 'cmake_clean_cache': False, 'cmake_clean_first': False, 'cmake_force_configure': False, 'cmake_target': None, 'cmake_target_skip_unavailable': False, 'install_base': '/home/faraz/arduinobot_ws/install/arduinobot_description', 'merge_install': False, 'path': '/home/faraz/arduinobot_ws/src/arduinobot_description', 'symlink_install': False, 'test_result_base': None}
[0.214s] Level 5:colcon.colcon_core.verb:set package 'arduinobot_moveit' build argument 'cmake_args' from command line to 'None'
[0.214s] Level 5:colcon.colcon_core.verb:set package 'arduinobot_moveit' build argument 'cmake_target' from command line to 'None'
[0.214s] Level 5:colcon.colcon_core.verb:set package 'arduinobot_moveit' build argument 'cmake_target_skip_unavailable' from command line to 'False'
[0.214s] Level 5:colcon.colcon_core.verb:set package 'arduinobot_moveit' build argument 'cmake_clean_cache' from command line to 'False'
[0.214s] Level 5:colcon.colcon_core.verb:set package 'arduinobot_moveit' build argument 'cmake_clean_first' from command line to 'False'
[0.214s] Level 5:colcon.colcon_core.verb:set package 'arduinobot_moveit' build argument 'cmake_force_configure' from command line to 'False'
[0.214s] Level 5:colcon.colcon_core.verb:set package 'arduinobot_moveit' build argument 'ament_cmake_args' from command line to 'None'
[0.214s] Level 5:colcon.colcon_core.verb:set package 'arduinobot_moveit' build argument 'catkin_cmake_args' from command line to 'None'
[0.214s] Level 5:colcon.colcon_core.verb:set package 'arduinobot_moveit' build argument 'catkin_skip_building_tests' from command line to 'False'
[0.214s] DEBUG:colcon.colcon_core.verb:Building package 'arduinobot_moveit' with the following arguments: {'ament_cmake_args': None, 'build_base': '/home/faraz/arduinobot_ws/build/arduinobot_moveit', 'catkin_cmake_args': None, 'catkin_skip_building_tests': False, 'cmake_args': None, 'cmake_clean_cache': False, 'cmake_clean_first': False, 'cmake_force_configure': False, 'cmake_target': None, 'cmake_target_skip_unavailable': False, 'install_base': '/home/faraz/arduinobot_ws/install/arduinobot_moveit', 'merge_install': False, 'path': '/home/faraz/arduinobot_ws/src/arduinobot_moveit', 'symlink_install': False, 'test_result_base': None}
[0.214s] Level 5:colcon.colcon_core.verb:set package 'arduinobot_msgs' build argument 'cmake_args' from command line to 'None'
[0.214s] Level 5:colcon.colcon_core.verb:set package 'arduinobot_msgs' build argument 'cmake_target' from command line to 'None'
[0.214s] Level 5:colcon.colcon_core.verb:set package 'arduinobot_msgs' build argument 'cmake_target_skip_unavailable' from command line to 'False'
[0.214s] Level 5:colcon.colcon_core.verb:set package 'arduinobot_msgs' build argument 'cmake_clean_cache' from command line to 'False'
[0.214s] Level 5:colcon.colcon_core.verb:set package 'arduinobot_msgs' build argument 'cmake_clean_first' from command line to 'False'
[0.214s] Level 5:colcon.colcon_core.verb:set package 'arduinobot_msgs' build argument 'cmake_force_configure' from command line to 'False'
[0.214s] Level 5:colcon.colcon_core.verb:set package 'arduinobot_msgs' build argument 'ament_cmake_args' from command line to 'None'
[0.214s] Level 5:colcon.colcon_core.verb:set package 'arduinobot_msgs' build argument 'catkin_cmake_args' from command line to 'None'
[0.214s] Level 5:colcon.colcon_core.verb:set package 'arduinobot_msgs' build argument 'catkin_skip_building_tests' from command line to 'False'
[0.214s] DEBUG:colcon.colcon_core.verb:Building package 'arduinobot_msgs' with the following arguments: {'ament_cmake_args': None, 'build_base': '/home/faraz/arduinobot_ws/build/arduinobot_msgs', 'catkin_cmake_args': None, 'catkin_skip_building_tests': False, 'cmake_args': None, 'cmake_clean_cache': False, 'cmake_clean_first': False, 'cmake_force_configure': False, 'cmake_target': None, 'cmake_target_skip_unavailable': False, 'install_base': '/home/faraz/arduinobot_ws/install/arduinobot_msgs', 'merge_install': False, 'path': '/home/faraz/arduinobot_ws/src/arduinobot_msgs', 'symlink_install': False, 'test_result_base': None}
[0.215s] Level 5:colcon.colcon_core.verb:set package 'arduinobot_py_examples' build argument 'cmake_args' from command line to 'None'
[0.215s] Level 5:colcon.colcon_core.verb:set package 'arduinobot_py_examples' build argument 'cmake_target' from command line to 'None'
[0.215s] Level 5:colcon.colcon_core.verb:set package 'arduinobot_py_examples' build argument 'cmake_target_skip_unavailable' from command line to 'False'
[0.215s] Level 5:colcon.colcon_core.verb:set package 'arduinobot_py_examples' build argument 'cmake_clean_cache' from command line to 'False'
[0.215s] Level 5:colcon.colcon_core.verb:set package 'arduinobot_py_examples' build argument 'cmake_clean_first' from command line to 'False'
[0.215s] Level 5:colcon.colcon_core.verb:set package 'arduinobot_py_examples' build argument 'cmake_force_configure' from command line to 'False'
[0.215s] Level 5:colcon.colcon_core.verb:set package 'arduinobot_py_examples' build argument 'ament_cmake_args' from command line to 'None'
[0.215s] Level 5:colcon.colcon_core.verb:set package 'arduinobot_py_examples' build argument 'catkin_cmake_args' from command line to 'None'
[0.215s] Level 5:colcon.colcon_core.verb:set package 'arduinobot_py_examples' build argument 'catkin_skip_building_tests' from command line to 'False'
[0.215s] DEBUG:colcon.colcon_core.verb:Building package 'arduinobot_py_examples' with the following arguments: {'ament_cmake_args': None, 'build_base': '/home/faraz/arduinobot_ws/build/arduinobot_py_examples', 'catkin_cmake_args': None, 'catkin_skip_building_tests': False, 'cmake_args': None, 'cmake_clean_cache': False, 'cmake_clean_first': False, 'cmake_force_configure': False, 'cmake_target': None, 'cmake_target_skip_unavailable': False, 'install_base': '/home/faraz/arduinobot_ws/install/arduinobot_py_examples', 'merge_install': False, 'path': '/home/faraz/arduinobot_ws/src/arduinobot_py_examples', 'symlink_install': False, 'test_result_base': None}
[0.215s] INFO:colcon.colcon_core.executor:Executing jobs using 'parallel' executor
[0.215s] DEBUG:colcon.colcon_parallel_executor.executor.parallel:run_until_complete
[0.216s] INFO:colcon.colcon_ros.task.ament_cmake.build:Building ROS package in '/home/faraz/arduinobot_ws/src/arduinobot_msgs' with build type 'ament_cmake'
[0.216s] INFO:colcon.colcon_cmake.task.cmake.build:Building CMake package in '/home/faraz/arduinobot_ws/src/arduinobot_msgs'
[0.218s] INFO:colcon.colcon_core.plugin_system:Skipping extension 'colcon_core.shell.bat': Not used on non-Windows systems
[0.218s] INFO:colcon.colcon_core.shell:Skip shell extension 'powershell' for command environment: Not usable outside of PowerShell
[0.218s] DEBUG:colcon.colcon_core.shell:Skip shell extension 'dsv' for command environment
[0.221s] INFO:colcon.colcon_ros.task.ament_cmake.build:Building ROS package in '/home/faraz/arduinobot_ws/src/arduinobot_controller' with build type 'ament_cmake'
[0.221s] INFO:colcon.colcon_cmake.task.cmake.build:Building CMake package in '/home/faraz/arduinobot_ws/src/arduinobot_controller'
[0.221s] INFO:colcon.colcon_core.shell:Skip shell extension 'powershell' for command environment: Not usable outside of PowerShell
[0.221s] DEBUG:colcon.colcon_core.shell:Skip shell extension 'dsv' for command environment
[0.224s] INFO:colcon.colcon_ros.task.ament_cmake.build:Building ROS package in '/home/faraz/arduinobot_ws/src/arduinobot_description' with build type 'ament_cmake'
[0.224s] INFO:colcon.colcon_cmake.task.cmake.build:Building CMake package in '/home/faraz/arduinobot_ws/src/arduinobot_description'
[0.224s] INFO:colcon.colcon_core.shell:Skip shell extension 'powershell' for command environment: Not usable outside of PowerShell
[0.224s] DEBUG:colcon.colcon_core.shell:Skip shell extension 'dsv' for command environment
[0.227s] INFO:colcon.colcon_ros.task.ament_cmake.build:Building ROS package in '/home/faraz/arduinobot_ws/src/arduinobot_moveit' with build type 'ament_cmake'
[0.227s] INFO:colcon.colcon_cmake.task.cmake.build:Building CMake package in '/home/faraz/arduinobot_ws/src/arduinobot_moveit'
[0.227s] INFO:colcon.colcon_core.shell:Skip shell extension 'powershell' for command environment: Not usable outside of PowerShell
[0.227s] DEBUG:colcon.colcon_core.shell:Skip shell extension 'dsv' for command environment
[0.235s] DEBUG:colcon.colcon_core.event_handler.log_command:Invoking command in '/home/faraz/arduinobot_ws/build/arduinobot_msgs': CMAKE_PREFIX_PATH=${CMAKE_PREFIX_PATH}:/opt/ros/jazzy DEBUGINFOD_URLS=https://debuginfod.ubuntu.com /usr/bin/cmake --build /home/faraz/arduinobot_ws/build/arduinobot_msgs -- -j8 -l8
[0.236s] DEBUG:colcon.colcon_core.event_handler.log_command:Invoking command in '/home/faraz/arduinobot_ws/build/arduinobot_controller': CMAKE_PREFIX_PATH=${CMAKE_PREFIX_PATH}:/opt/ros/jazzy DEBUGINFOD_URLS=https://debuginfod.ubuntu.com /usr/bin/cmake --build /home/faraz/arduinobot_ws/build/arduinobot_controller -- -j8 -l8
[0.238s] DEBUG:colcon.colcon_core.event_handler.log_command:Invoking command in '/home/faraz/arduinobot_ws/build/arduinobot_description': CMAKE_PREFIX_PATH=${CMAKE_PREFIX_PATH}:/opt/ros/jazzy DEBUGINFOD_URLS=https://debuginfod.ubuntu.com /usr/bin/cmake --build /home/faraz/arduinobot_ws/build/arduinobot_description -- -j8 -l8
[0.243s] DEBUG:colcon.colcon_core.event_handler.log_command:Invoking command in '/home/faraz/arduinobot_ws/build/arduinobot_moveit': CMAKE_PREFIX_PATH=${CMAKE_PREFIX_PATH}:/opt/ros/jazzy DEBUGINFOD_URLS=https://debuginfod.ubuntu.com /usr/bin/cmake /home/faraz/arduinobot_ws/src/arduinobot_moveit -DCMAKE_INSTALL_PREFIX=/home/faraz/arduinobot_ws/install/arduinobot_moveit
[0.274s] DEBUG:colcon.colcon_core.event_handler.log_command:Invoked command in '/home/faraz/arduinobot_ws/build/arduinobot_description' returned '0': CMAKE_PREFIX_PATH=${CMAKE_PREFIX_PATH}:/opt/ros/jazzy DEBUGINFOD_URLS=https://debuginfod.ubuntu.com /usr/bin/cmake --build /home/faraz/arduinobot_ws/build/arduinobot_description -- -j8 -l8
[0.283s] DEBUG:colcon.colcon_core.event_handler.log_command:Invoking command in '/home/faraz/arduinobot_ws/build/arduinobot_description': CMAKE_PREFIX_PATH=${CMAKE_PREFIX_PATH}:/opt/ros/jazzy DEBUGINFOD_URLS=https://debuginfod.ubuntu.com /usr/bin/cmake --install /home/faraz/arduinobot_ws/build/arduinobot_description
[0.284s] DEBUG:colcon.colcon_core.event_handler.log_command:Invoked command in '/home/faraz/arduinobot_ws/build/arduinobot_controller' returned '0': CMAKE_PREFIX_PATH=${CMAKE_PREFIX_PATH}:/opt/ros/jazzy DEBUGINFOD_URLS=https://debuginfod.ubuntu.com /usr/bin/cmake --build /home/faraz/arduinobot_ws/build/arduinobot_controller -- -j8 -l8
[0.285s] DEBUG:colcon.colcon_core.event_handler.log_command:Invoking command in '/home/faraz/arduinobot_ws/build/arduinobot_controller': CMAKE_PREFIX_PATH=${CMAKE_PREFIX_PATH}:/opt/ros/jazzy DEBUGINFOD_URLS=https://debuginfod.ubuntu.com /usr/bin/cmake --install /home/faraz/arduinobot_ws/build/arduinobot_controller
[0.298s] Level 1:colcon.colcon_core.environment:create_environment_scripts_only(arduinobot_controller)
[0.298s] DEBUG:colcon.colcon_core.event_handler.log_command:Invoked command in '/home/faraz/arduinobot_ws/build/arduinobot_controller' returned '0': CMAKE_PREFIX_PATH=${CMAKE_PREFIX_PATH}:/opt/ros/jazzy DEBUGINFOD_URLS=https://debuginfod.ubuntu.com /usr/bin/cmake --install /home/faraz/arduinobot_ws/build/arduinobot_controller
[0.301s] Level 1:colcon.colcon_core.environment:checking '/home/faraz/arduinobot_ws/install/arduinobot_controller' for CMake module files
[0.301s] Level 1:colcon.colcon_core.environment:checking '/home/faraz/arduinobot_ws/install/arduinobot_controller' for CMake config files
[0.302s] Level 1:colcon.colcon_core.shell:create_environment_hook('arduinobot_controller', 'cmake_prefix_path')
[0.302s] INFO:colcon.colcon_core.shell:Creating environment hook '/home/faraz/arduinobot_ws/install/arduinobot_controller/share/arduinobot_controller/hook/cmake_prefix_path.ps1'
[0.303s] INFO:colcon.colcon_core.shell:Creating environment descriptor '/home/faraz/arduinobot_ws/install/arduinobot_controller/share/arduinobot_controller/hook/cmake_prefix_path.dsv'
[0.303s] INFO:colcon.colcon_core.shell:Creating environment hook '/home/faraz/arduinobot_ws/install/arduinobot_controller/share/arduinobot_controller/hook/cmake_prefix_path.sh'
[0.305s] Level 1:colcon.colcon_core.environment:checking '/home/faraz/arduinobot_ws/install/arduinobot_controller/bin'
[0.305s] Level 1:colcon.colcon_core.environment:checking '/home/faraz/arduinobot_ws/install/arduinobot_controller/lib/pkgconfig/arduinobot_controller.pc'
[0.305s] Level 1:colcon.colcon_core.environment:checking '/home/faraz/arduinobot_ws/install/arduinobot_controller/lib/python3.12/site-packages'
[0.305s] Level 1:colcon.colcon_core.environment:checking '/home/faraz/arduinobot_ws/install/arduinobot_controller/bin'
[0.306s] INFO:colcon.colcon_core.shell:Creating package script '/home/faraz/arduinobot_ws/install/arduinobot_controller/share/arduinobot_controller/package.ps1'
[0.307s] INFO:colcon.colcon_core.shell:Creating package descriptor '/home/faraz/arduinobot_ws/install/arduinobot_controller/share/arduinobot_controller/package.dsv'
[0.307s] INFO:colcon.colcon_core.shell:Creating package script '/home/faraz/arduinobot_ws/install/arduinobot_controller/share/arduinobot_controller/package.sh'
[0.308s] INFO:colcon.colcon_core.shell:Creating package script '/home/faraz/arduinobot_ws/install/arduinobot_controller/share/arduinobot_controller/package.bash'
[0.310s] INFO:colcon.colcon_core.shell:Creating package script '/home/faraz/arduinobot_ws/install/arduinobot_controller/share/arduinobot_controller/package.zsh'
[0.311s] Level 1:colcon.colcon_core.environment:create_file_with_runtime_dependencies(/home/faraz/arduinobot_ws/install/arduinobot_controller/share/colcon-core/packages/arduinobot_controller)
[0.311s] Level 1:colcon.colcon_core.environment:create_environment_scripts_only(arduinobot_controller)
[0.312s] Level 1:colcon.colcon_core.environment:checking '/home/faraz/arduinobot_ws/install/arduinobot_controller' for CMake module files
[0.313s] Level 1:colcon.colcon_core.environment:checking '/home/faraz/arduinobot_ws/install/arduinobot_controller' for CMake config files
[0.313s] Level 1:colcon.colcon_core.shell:create_environment_hook('arduinobot_controller', 'cmake_prefix_path')
[0.313s] INFO:colcon.colcon_core.shell:Creating environment hook '/home/faraz/arduinobot_ws/install/arduinobot_controller/share/arduinobot_controller/hook/cmake_prefix_path.ps1'
[0.314s] INFO:colcon.colcon_core.shell:Creating environment descriptor '/home/faraz/arduinobot_ws/install/arduinobot_controller/share/arduinobot_controller/hook/cmake_prefix_path.dsv'
[0.314s] INFO:colcon.colcon_core.shell:Creating environment hook '/home/faraz/arduinobot_ws/install/arduinobot_controller/share/arduinobot_controller/hook/cmake_prefix_path.sh'
[0.315s] Level 1:colcon.colcon_core.environment:checking '/home/faraz/arduinobot_ws/install/arduinobot_controller/bin'
[0.315s] Level 1:colcon.colcon_core.environment:checking '/home/faraz/arduinobot_ws/install/arduinobot_controller/lib/pkgconfig/arduinobot_controller.pc'
[0.315s] Level 1:colcon.colcon_core.environment:checking '/home/faraz/arduinobot_ws/install/arduinobot_controller/lib/python3.12/site-packages'
[0.316s] Level 1:colcon.colcon_core.environment:checking '/home/faraz/arduinobot_ws/install/arduinobot_controller/bin'
[0.316s] INFO:colcon.colcon_core.shell:Creating package script '/home/faraz/arduinobot_ws/install/arduinobot_controller/share/arduinobot_controller/package.ps1'
[0.317s] INFO:colcon.colcon_core.shell:Creating package descriptor '/home/faraz/arduinobot_ws/install/arduinobot_controller/share/arduinobot_controller/package.dsv'
[0.317s] INFO:colcon.colcon_core.shell:Creating package script '/home/faraz/arduinobot_ws/install/arduinobot_controller/share/arduinobot_controller/package.sh'
[0.318s] INFO:colcon.colcon_core.shell:Creating package script '/home/faraz/arduinobot_ws/install/arduinobot_controller/share/arduinobot_controller/package.bash'
[0.318s] INFO:colcon.colcon_core.shell:Creating package script '/home/faraz/arduinobot_ws/install/arduinobot_controller/share/arduinobot_controller/package.zsh'
[0.319s] Level 1:colcon.colcon_core.environment:create_file_with_runtime_dependencies(/home/faraz/arduinobot_ws/install/arduinobot_controller/share/colcon-core/packages/arduinobot_controller)
[0.321s] Level 1:colcon.colcon_core.environment:create_environment_scripts_only(arduinobot_description)
[0.321s] DEBUG:colcon.colcon_core.event_handler.log_command:Invoked command in '/home/faraz/arduinobot_ws/build/arduinobot_description' returned '0': CMAKE_PREFIX_PATH=${CMAKE_PREFIX_PATH}:/opt/ros/jazzy DEBUGINFOD_URLS=https://debuginfod.ubuntu.com /usr/bin/cmake --install /home/faraz/arduinobot_ws/build/arduinobot_description
[0.321s] Level 1:colcon.colcon_core.environment:checking '/home/faraz/arduinobot_ws/install/arduinobot_description' for CMake module files
[0.322s] Level 1:colcon.colcon_core.environment:checking '/home/faraz/arduinobot_ws/install/arduinobot_description' for CMake config files
[0.322s] Level 1:colcon.colcon_core.shell:create_environment_hook('arduinobot_description', 'cmake_prefix_path')
[0.323s] INFO:colcon.colcon_core.shell:Creating environment hook '/home/faraz/arduinobot_ws/install/arduinobot_description/share/arduinobot_description/hook/cmake_prefix_path.ps1'
[0.324s] INFO:colcon.colcon_core.shell:Creating environment descriptor '/home/faraz/arduinobot_ws/install/arduinobot_description/share/arduinobot_description/hook/cmake_prefix_path.dsv'
[0.324s] INFO:colcon.colcon_core.shell:Creating environment hook '/home/faraz/arduinobot_ws/install/arduinobot_description/share/arduinobot_description/hook/cmake_prefix_path.sh'
[0.325s] Level 1:colcon.colcon_core.environment:checking '/home/faraz/arduinobot_ws/install/arduinobot_description/bin'
[0.325s] Level 1:colcon.colcon_core.environment:checking '/home/faraz/arduinobot_ws/install/arduinobot_description/lib/pkgconfig/arduinobot_description.pc'
[0.325s] Level 1:colcon.colcon_core.environment:checking '/home/faraz/arduinobot_ws/install/arduinobot_description/lib/python3.12/site-packages'
[0.326s] Level 1:colcon.colcon_core.environment:checking '/home/faraz/arduinobot_ws/install/arduinobot_description/bin'
[0.326s] INFO:colcon.colcon_core.shell:Creating package script '/home/faraz/arduinobot_ws/install/arduinobot_description/share/arduinobot_description/package.ps1'
[0.326s] INFO:colcon.colcon_core.shell:Creating package descriptor '/home/faraz/arduinobot_ws/install/arduinobot_description/share/arduinobot_description/package.dsv'
[0.327s] INFO:colcon.colcon_core.shell:Creating package script '/home/faraz/arduinobot_ws/install/arduinobot_description/share/arduinobot_description/package.sh'
[0.327s] INFO:colcon.colcon_core.shell:Creating package script '/home/faraz/arduinobot_ws/install/arduinobot_description/share/arduinobot_description/package.bash'
[0.328s] INFO:colcon.colcon_core.shell:Creating package script '/home/faraz/arduinobot_ws/install/arduinobot_description/share/arduinobot_description/package.zsh'
[0.328s] Level 1:colcon.colcon_core.environment:create_file_with_runtime_dependencies(/home/faraz/arduinobot_ws/install/arduinobot_description/share/colcon-core/packages/arduinobot_description)
[0.329s] Level 1:colcon.colcon_core.environment:create_environment_scripts_only(arduinobot_description)
[0.329s] Level 1:colcon.colcon_core.environment:checking '/home/faraz/arduinobot_ws/install/arduinobot_description' for CMake module files
[0.330s] Level 1:colcon.colcon_core.environment:checking '/home/faraz/arduinobot_ws/install/arduinobot_description' for CMake config files
[0.330s] Level 1:colcon.colcon_core.shell:create_environment_hook('arduinobot_description', 'cmake_prefix_path')
[0.331s] INFO:colcon.colcon_core.shell:Creating environment hook '/home/faraz/arduinobot_ws/install/arduinobot_description/share/arduinobot_description/hook/cmake_prefix_path.ps1'
[0.331s] INFO:colcon.colcon_core.shell:Creating environment descriptor '/home/faraz/arduinobot_ws/install/arduinobot_description/share/arduinobot_description/hook/cmake_prefix_path.dsv'
[0.331s] INFO:colcon.colcon_core.shell:Creating environment hook '/home/faraz/arduinobot_ws/install/arduinobot_description/share/arduinobot_description/hook/cmake_prefix_path.sh'
[0.332s] Level 1:colcon.colcon_core.environment:checking '/home/faraz/arduinobot_ws/install/arduinobot_description/bin'
[0.332s] Level 1:colcon.colcon_core.environment:checking '/home/faraz/arduinobot_ws/install/arduinobot_description/lib/pkgconfig/arduinobot_description.pc'
[0.333s] Level 1:colcon.colcon_core.environment:checking '/home/faraz/arduinobot_ws/install/arduinobot_description/lib/python3.12/site-packages'
[0.333s] Level 1:colcon.colcon_core.environment:checking '/home/faraz/arduinobot_ws/install/arduinobot_description/bin'
[0.333s] INFO:colcon.colcon_core.shell:Creating package script '/home/faraz/arduinobot_ws/install/arduinobot_description/share/arduinobot_description/package.ps1'
[0.334s] INFO:colcon.colcon_core.shell:Creating package descriptor '/home/faraz/arduinobot_ws/install/arduinobot_description/share/arduinobot_description/package.dsv'
[0.335s] INFO:colcon.colcon_core.shell:Creating package script '/home/faraz/arduinobot_ws/install/arduinobot_description/share/arduinobot_description/package.sh'
[0.335s] INFO:colcon.colcon_core.shell:Creating package script '/home/faraz/arduinobot_ws/install/arduinobot_description/share/arduinobot_description/package.bash'
[0.336s] INFO:colcon.colcon_core.shell:Creating package script '/home/faraz/arduinobot_ws/install/arduinobot_description/share/arduinobot_description/package.zsh'
[0.337s] Level 1:colcon.colcon_core.environment:create_file_with_runtime_dependencies(/home/faraz/arduinobot_ws/install/arduinobot_description/share/colcon-core/packages/arduinobot_description)
[0.653s] DEBUG:colcon.colcon_core.event_handler.log_command:Invoked command in '/home/faraz/arduinobot_ws/build/arduinobot_msgs' returned '0': CMAKE_PREFIX_PATH=${CMAKE_PREFIX_PATH}:/opt/ros/jazzy DEBUGINFOD_URLS=https://debuginfod.ubuntu.com /usr/bin/cmake --build /home/faraz/arduinobot_ws/build/arduinobot_msgs -- -j8 -l8
[0.654s] DEBUG:colcon.colcon_core.event_handler.log_command:Invoking command in '/home/faraz/arduinobot_ws/build/arduinobot_msgs': CMAKE_PREFIX_PATH=${CMAKE_PREFIX_PATH}:/opt/ros/jazzy DEBUGINFOD_URLS=https://debuginfod.ubuntu.com /usr/bin/cmake --install /home/faraz/arduinobot_ws/build/arduinobot_msgs
[0.706s] Level 1:colcon.colcon_core.environment:create_environment_scripts_only(arduinobot_msgs)
[0.706s] DEBUG:colcon.colcon_core.event_handler.log_command:Invoked command in '/home/faraz/arduinobot_ws/build/arduinobot_msgs' returned '0': CMAKE_PREFIX_PATH=${CMAKE_PREFIX_PATH}:/opt/ros/jazzy DEBUGINFOD_URLS=https://debuginfod.ubuntu.com /usr/bin/cmake --install /home/faraz/arduinobot_ws/build/arduinobot_msgs
[0.706s] Level 1:colcon.colcon_core.environment:checking '/home/faraz/arduinobot_ws/install/arduinobot_msgs' for CMake module files
[0.707s] Level 1:colcon.colcon_core.environment:checking '/home/faraz/arduinobot_ws/install/arduinobot_msgs' for CMake config files
[0.708s] Level 1:colcon.colcon_core.shell:create_environment_hook('arduinobot_msgs', 'cmake_prefix_path')
[0.708s] INFO:colcon.colcon_core.shell:Creating environment hook '/home/faraz/arduinobot_ws/install/arduinobot_msgs/share/arduinobot_msgs/hook/cmake_prefix_path.ps1'
[0.708s] INFO:colcon.colcon_core.shell:Creating environment descriptor '/home/faraz/arduinobot_ws/install/arduinobot_msgs/share/arduinobot_msgs/hook/cmake_prefix_path.dsv'
[0.709s] INFO:colcon.colcon_core.shell:Creating environment hook '/home/faraz/arduinobot_ws/install/arduinobot_msgs/share/arduinobot_msgs/hook/cmake_prefix_path.sh'
[0.709s] Level 1:colcon.colcon_core.environment:checking '/home/faraz/arduinobot_ws/install/arduinobot_msgs/lib'
[0.710s] Level 1:colcon.colcon_core.shell:create_environment_hook('arduinobot_msgs', 'ld_library_path_lib')
[0.710s] INFO:colcon.colcon_core.shell:Creating environment hook '/home/faraz/arduinobot_ws/install/arduinobot_msgs/share/arduinobot_msgs/hook/ld_library_path_lib.ps1'
[0.710s] INFO:colcon.colcon_core.shell:Creating environment descriptor '/home/faraz/arduinobot_ws/install/arduinobot_msgs/share/arduinobot_msgs/hook/ld_library_path_lib.dsv'
[0.711s] INFO:colcon.colcon_core.shell:Creating environment hook '/home/faraz/arduinobot_ws/install/arduinobot_msgs/share/arduinobot_msgs/hook/ld_library_path_lib.sh'
[0.711s] Level 1:colcon.colcon_core.environment:checking '/home/faraz/arduinobot_ws/install/arduinobot_msgs/bin'
[0.711s] Level 1:colcon.colcon_core.environment:checking '/home/faraz/arduinobot_ws/install/arduinobot_msgs/lib/pkgconfig/arduinobot_msgs.pc'
[0.711s] Level 1:colcon.colcon_core.environment:checking '/home/faraz/arduinobot_ws/install/arduinobot_msgs/lib/python3.12/site-packages'
[0.712s] Level 1:colcon.colcon_core.shell:create_environment_hook('arduinobot_msgs', 'pythonpath')
[0.712s] INFO:colcon.colcon_core.shell:Creating environment hook '/home/faraz/arduinobot_ws/install/arduinobot_msgs/share/arduinobot_msgs/hook/pythonpath.ps1'
[0.712s] INFO:colcon.colcon_core.shell:Creating environment descriptor '/home/faraz/arduinobot_ws/install/arduinobot_msgs/share/arduinobot_msgs/hook/pythonpath.dsv'
[0.713s] INFO:colcon.colcon_core.shell:Creating environment hook '/home/faraz/arduinobot_ws/install/arduinobot_msgs/share/arduinobot_msgs/hook/pythonpath.sh'
[0.713s] Level 1:colcon.colcon_core.environment:checking '/home/faraz/arduinobot_ws/install/arduinobot_msgs/bin'
[0.714s] INFO:colcon.colcon_core.shell:Creating package script '/home/faraz/arduinobot_ws/install/arduinobot_msgs/share/arduinobot_msgs/package.ps1'
[0.714s] INFO:colcon.colcon_core.shell:Creating package descriptor '/home/faraz/arduinobot_ws/install/arduinobot_msgs/share/arduinobot_msgs/package.dsv'
[0.715s] INFO:colcon.colcon_core.shell:Creating package script '/home/faraz/arduinobot_ws/install/arduinobot_msgs/share/arduinobot_msgs/package.sh'
[0.715s] INFO:colcon.colcon_core.shell:Creating package script '/home/faraz/arduinobot_ws/install/arduinobot_msgs/share/arduinobot_msgs/package.bash'
[0.716s] INFO:colcon.colcon_core.shell:Creating package script '/home/faraz/arduinobot_ws/install/arduinobot_msgs/share/arduinobot_msgs/package.zsh'
[0.716s] Level 1:colcon.colcon_core.environment:create_file_with_runtime_dependencies(/home/faraz/arduinobot_ws/install/arduinobot_msgs/share/colcon-core/packages/arduinobot_msgs)
[0.717s] Level 1:colcon.colcon_core.environment:create_environment_scripts_only(arduinobot_msgs)
[0.717s] Level 1:colcon.colcon_core.environment:checking '/home/faraz/arduinobot_ws/install/arduinobot_msgs' for CMake module files
[0.718s] Level 1:colcon.colcon_core.environment:checking '/home/faraz/arduinobot_ws/install/arduinobot_msgs' for CMake config files
[0.719s] Level 1:colcon.colcon_core.shell:create_environment_hook('arduinobot_msgs', 'cmake_prefix_path')
[0.719s] INFO:colcon.colcon_core.shell:Creating environment hook '/home/faraz/arduinobot_ws/install/arduinobot_msgs/share/arduinobot_msgs/hook/cmake_prefix_path.ps1'
[0.719s] INFO:colcon.colcon_core.shell:Creating environment descriptor '/home/faraz/arduinobot_ws/install/arduinobot_msgs/share/arduinobot_msgs/hook/cmake_prefix_path.dsv'
[0.720s] INFO:colcon.colcon_core.shell:Creating environment hook '/home/faraz/arduinobot_ws/install/arduinobot_msgs/share/arduinobot_msgs/hook/cmake_prefix_path.sh'
[0.720s] Level 1:colcon.colcon_core.environment:checking '/home/faraz/arduinobot_ws/install/arduinobot_msgs/lib'
[0.720s] Level 1:colcon.colcon_core.shell:create_environment_hook('arduinobot_msgs', 'ld_library_path_lib')
[0.721s] INFO:colcon.colcon_core.shell:Creating environment hook '/home/faraz/arduinobot_ws/install/arduinobot_msgs/share/arduinobot_msgs/hook/ld_library_path_lib.ps1'
[0.721s] INFO:colcon.colcon_core.shell:Creating environment descriptor '/home/faraz/arduinobot_ws/install/arduinobot_msgs/share/arduinobot_msgs/hook/ld_library_path_lib.dsv'
[0.721s] INFO:colcon.colcon_core.shell:Creating environment hook '/home/faraz/arduinobot_ws/install/arduinobot_msgs/share/arduinobot_msgs/hook/ld_library_path_lib.sh'
[0.722s] Level 1:colcon.colcon_core.environment:checking '/home/faraz/arduinobot_ws/install/arduinobot_msgs/bin'
[0.722s] Level 1:colcon.colcon_core.environment:checking '/home/faraz/arduinobot_ws/install/arduinobot_msgs/lib/pkgconfig/arduinobot_msgs.pc'
[0.722s] Level 1:colcon.colcon_core.environment:checking '/home/faraz/arduinobot_ws/install/arduinobot_msgs/lib/python3.12/site-packages'
[0.722s] Level 1:colcon.colcon_core.shell:create_environment_hook('arduinobot_msgs', 'pythonpath')
[0.722s] INFO:colcon.colcon_core.shell:Creating environment hook '/home/faraz/arduinobot_ws/install/arduinobot_msgs/share/arduinobot_msgs/hook/pythonpath.ps1'
[0.722s] INFO:colcon.colcon_core.shell:Creating environment descriptor '/home/faraz/arduinobot_ws/install/arduinobot_msgs/share/arduinobot_msgs/hook/pythonpath.dsv'
[0.723s] INFO:colcon.colcon_core.shell:Creating environment hook '/home/faraz/arduinobot_ws/install/arduinobot_msgs/share/arduinobot_msgs/hook/pythonpath.sh'
[0.723s] Level 1:colcon.colcon_core.environment:checking '/home/faraz/arduinobot_ws/install/arduinobot_msgs/bin'
[0.723s] INFO:colcon.colcon_core.shell:Creating package script '/home/faraz/arduinobot_ws/install/arduinobot_msgs/share/arduinobot_msgs/package.ps1'
[0.724s] INFO:colcon.colcon_core.shell:Creating package descriptor '/home/faraz/arduinobot_ws/install/arduinobot_msgs/share/arduinobot_msgs/package.dsv'
[0.724s] INFO:colcon.colcon_core.shell:Creating package script '/home/faraz/arduinobot_ws/install/arduinobot_msgs/share/arduinobot_msgs/package.sh'
[0.724s] INFO:colcon.colcon_core.shell:Creating package script '/home/faraz/arduinobot_ws/install/arduinobot_msgs/share/arduinobot_msgs/package.bash'
[0.725s] INFO:colcon.colcon_core.shell:Creating package script '/home/faraz/arduinobot_ws/install/arduinobot_msgs/share/arduinobot_msgs/package.zsh'
[0.725s] Level 1:colcon.colcon_core.environment:create_file_with_runtime_dependencies(/home/faraz/arduinobot_ws/install/arduinobot_msgs/share/colcon-core/packages/arduinobot_msgs)
[0.725s] INFO:colcon.colcon_ros.task.ament_python.build:Building ROS package in '/home/faraz/arduinobot_ws/src/arduinobot_py_examples' with build type 'ament_python'
[0.725s] Level 1:colcon.colcon_core.shell:create_environment_hook('arduinobot_py_examples', 'ament_prefix_path')
[0.726s] INFO:colcon.colcon_core.shell:Creating environment hook '/home/faraz/arduinobot_ws/install/arduinobot_py_examples/share/arduinobot_py_examples/hook/ament_prefix_path.ps1'
[0.726s] INFO:colcon.colcon_core.shell:Creating environment descriptor '/home/faraz/arduinobot_ws/install/arduinobot_py_examples/share/arduinobot_py_examples/hook/ament_prefix_path.dsv'
[0.726s] INFO:colcon.colcon_core.shell:Creating environment hook '/home/faraz/arduinobot_ws/install/arduinobot_py_examples/share/arduinobot_py_examples/hook/ament_prefix_path.sh'
[0.727s] INFO:colcon.colcon_core.shell:Skip shell extension 'powershell' for command environment: Not usable outside of PowerShell
[0.727s] DEBUG:colcon.colcon_core.shell:Skip shell extension 'dsv' for command environment
[0.945s] INFO:colcon.colcon_core.task.python.build:Building Python package in '/home/faraz/arduinobot_ws/src/arduinobot_py_examples'
[0.945s] INFO:colcon.colcon_core.shell:Skip shell extension 'powershell' for command environment: Not usable outside of PowerShell
[0.945s] DEBUG:colcon.colcon_core.shell:Skip shell extension 'dsv' for command environment
[1.044s] DEBUG:colcon.colcon_core.event_handler.log_command:Invoked command in '/home/faraz/arduinobot_ws/build/arduinobot_moveit' returned '0': CMAKE_PREFIX_PATH=${CMAKE_PREFIX_PATH}:/opt/ros/jazzy DEBUGINFOD_URLS=https://debuginfod.ubuntu.com /usr/bin/cmake /home/faraz/arduinobot_ws/src/arduinobot_moveit -DCMAKE_INSTALL_PREFIX=/home/faraz/arduinobot_ws/install/arduinobot_moveit
[1.045s] DEBUG:colcon.colcon_core.event_handler.log_command:Invoking command in '/home/faraz/arduinobot_ws/build/arduinobot_moveit': CMAKE_PREFIX_PATH=${CMAKE_PREFIX_PATH}:/opt/ros/jazzy DEBUGINFOD_URLS=https://debuginfod.ubuntu.com /usr/bin/cmake --build /home/faraz/arduinobot_ws/build/arduinobot_moveit -- -j8 -l8
[1.077s] DEBUG:colcon.colcon_core.event_handler.log_command:Invoked command in '/home/faraz/arduinobot_ws/build/arduinobot_moveit' returned '0': CMAKE_PREFIX_PATH=${CMAKE_PREFIX_PATH}:/opt/ros/jazzy DEBUGINFOD_URLS=https://debuginfod.ubuntu.com /usr/bin/cmake --build /home/faraz/arduinobot_ws/build/arduinobot_moveit -- -j8 -l8
[1.078s] DEBUG:colcon.colcon_core.event_handler.log_command:Invoking command in '/home/faraz/arduinobot_ws/build/arduinobot_moveit': CMAKE_PREFIX_PATH=${CMAKE_PREFIX_PATH}:/opt/ros/jazzy DEBUGINFOD_URLS=https://debuginfod.ubuntu.com /usr/bin/cmake --install /home/faraz/arduinobot_ws/build/arduinobot_moveit
[1.087s] Level 1:colcon.colcon_core.environment:create_environment_scripts_only(arduinobot_moveit)
[1.088s] Level 1:colcon.colcon_core.environment:checking '/home/faraz/arduinobot_ws/install/arduinobot_moveit' for CMake module files
[1.088s] DEBUG:colcon.colcon_core.event_handler.log_command:Invoked command in '/home/faraz/arduinobot_ws/build/arduinobot_moveit' returned '0': CMAKE_PREFIX_PATH=${CMAKE_PREFIX_PATH}:/opt/ros/jazzy DEBUGINFOD_URLS=https://debuginfod.ubuntu.com /usr/bin/cmake --install /home/faraz/arduinobot_ws/build/arduinobot_moveit
[1.088s] Level 1:colcon.colcon_core.environment:checking '/home/faraz/arduinobot_ws/install/arduinobot_moveit' for CMake config files
[1.088s] Level 1:colcon.colcon_core.shell:create_environment_hook('arduinobot_moveit', 'cmake_prefix_path')
[1.088s] INFO:colcon.colcon_core.shell:Creating environment hook '/home/faraz/arduinobot_ws/install/arduinobot_moveit/share/arduinobot_moveit/hook/cmake_prefix_path.ps1'
[1.089s] INFO:colcon.colcon_core.shell:Creating environment descriptor '/home/faraz/arduinobot_ws/install/arduinobot_moveit/share/arduinobot_moveit/hook/cmake_prefix_path.dsv'
[1.089s] INFO:colcon.colcon_core.shell:Creating environment hook '/home/faraz/arduinobot_ws/install/arduinobot_moveit/share/arduinobot_moveit/hook/cmake_prefix_path.sh'
[1.089s] Level 1:colcon.colcon_core.environment:checking '/home/faraz/arduinobot_ws/install/arduinobot_moveit/bin'
[1.090s] Level 1:colcon.colcon_core.environment:checking '/home/faraz/arduinobot_ws/install/arduinobot_moveit/lib/pkgconfig/arduinobot_moveit.pc'
[1.090s] Level 1:colcon.colcon_core.environment:checking '/home/faraz/arduinobot_ws/install/arduinobot_moveit/lib/python3.12/site-packages'
[1.090s] Level 1:colcon.colcon_core.environment:checking '/home/faraz/arduinobot_ws/install/arduinobot_moveit/bin'
[1.090s] INFO:colcon.colcon_core.shell:Creating package script '/home/faraz/arduinobot_ws/install/arduinobot_moveit/share/arduinobot_moveit/package.ps1'
[1.090s] INFO:colcon.colcon_core.shell:Creating package descriptor '/home/faraz/arduinobot_ws/install/arduinobot_moveit/share/arduinobot_moveit/package.dsv'
[1.091s] INFO:colcon.colcon_core.shell:Creating package script '/home/faraz/arduinobot_ws/install/arduinobot_moveit/share/arduinobot_moveit/package.sh'
[1.091s] INFO:colcon.colcon_core.shell:Creating package script '/home/faraz/arduinobot_ws/install/arduinobot_moveit/share/arduinobot_moveit/package.bash'
[1.091s] INFO:colcon.colcon_core.shell:Creating package script '/home/faraz/arduinobot_ws/install/arduinobot_moveit/share/arduinobot_moveit/package.zsh'
[1.091s] Level 1:colcon.colcon_core.environment:create_file_with_runtime_dependencies(/home/faraz/arduinobot_ws/install/arduinobot_moveit/share/colcon-core/packages/arduinobot_moveit)
[1.092s] Level 1:colcon.colcon_core.environment:create_environment_scripts_only(arduinobot_moveit)
[1.092s] Level 1:colcon.colcon_core.environment:checking '/home/faraz/arduinobot_ws/install/arduinobot_moveit' for CMake module files
[1.092s] Level 1:colcon.colcon_core.environment:checking '/home/faraz/arduinobot_ws/install/arduinobot_moveit' for CMake config files
[1.092s] Level 1:colcon.colcon_core.shell:create_environment_hook('arduinobot_moveit', 'cmake_prefix_path')
[1.092s] INFO:colcon.colcon_core.shell:Creating environment hook '/home/faraz/arduinobot_ws/install/arduinobot_moveit/share/arduinobot_moveit/hook/cmake_prefix_path.ps1'
[1.093s] INFO:colcon.colcon_core.shell:Creating environment descriptor '/home/faraz/arduinobot_ws/install/arduinobot_moveit/share/arduinobot_moveit/hook/cmake_prefix_path.dsv'
[1.093s] INFO:colcon.colcon_core.shell:Creating environment hook '/home/faraz/arduinobot_ws/install/arduinobot_moveit/share/arduinobot_moveit/hook/cmake_prefix_path.sh'
[1.093s] Level 1:colcon.colcon_core.environment:checking '/home/faraz/arduinobot_ws/install/arduinobot_moveit/bin'
[1.093s] Level 1:colcon.colcon_core.environment:checking '/home/faraz/arduinobot_ws/install/arduinobot_moveit/lib/pkgconfig/arduinobot_moveit.pc'
[1.094s] Level 1:colcon.colcon_core.environment:checking '/home/faraz/arduinobot_ws/install/arduinobot_moveit/lib/python3.12/site-packages'
[1.094s] Level 1:colcon.colcon_core.environment:checking '/home/faraz/arduinobot_ws/install/arduinobot_moveit/bin'
[1.094s] INFO:colcon.colcon_core.shell:Creating package script '/home/faraz/arduinobot_ws/install/arduinobot_moveit/share/arduinobot_moveit/package.ps1'
[1.094s] INFO:colcon.colcon_core.shell:Creating package descriptor '/home/faraz/arduinobot_ws/install/arduinobot_moveit/share/arduinobot_moveit/package.dsv'
[1.095s] INFO:colcon.colcon_core.shell:Creating package script '/home/faraz/arduinobot_ws/install/arduinobot_moveit/share/arduinobot_moveit/package.sh'
[1.095s] INFO:colcon.colcon_core.shell:Creating package script '/home/faraz/arduinobot_ws/install/arduinobot_moveit/share/arduinobot_moveit/package.bash'
[1.095s] INFO:colcon.colcon_core.shell:Creating package script '/home/faraz/arduinobot_ws/install/arduinobot_moveit/share/arduinobot_moveit/package.zsh'
[1.095s] Level 1:colcon.colcon_core.environment:create_file_with_runtime_dependencies(/home/faraz/arduinobot_ws/install/arduinobot_moveit/share/colcon-core/packages/arduinobot_moveit)
[1.475s] DEBUG:colcon.colcon_core.event_handler.log_command:Invoking command in '/home/faraz/arduinobot_ws/src/arduinobot_py_examples': AMENT_PREFIX_PATH=/home/faraz/arduinobot_ws/install/arduinobot_msgs:${AMENT_PREFIX_PATH} CMAKE_PREFIX_PATH=/home/faraz/arduinobot_ws/install/arduinobot_msgs:${CMAKE_PREFIX_PATH} DEBUGINFOD_URLS=https://debuginfod.ubuntu.com LD_LIBRARY_PATH=/home/faraz/arduinobot_ws/install/arduinobot_msgs/lib:${LD_LIBRARY_PATH} PYTHONPATH=/home/faraz/arduinobot_ws/build/arduinobot_py_examples/prefix_override:/usr/lib/python3/dist-packages/colcon_core/task/python/colcon_distutils_commands:/home/faraz/arduinobot_ws/install/arduinobot_py_examples/lib/python3.12/site-packages:/home/faraz/arduinobot_ws/install/arduinobot_msgs/lib/python3.12/site-packages:${PYTHONPATH} /usr/bin/python3 -W ignore:setup.py install is deprecated -W ignore:easy_install command is deprecated setup.py egg_info --egg-base ../../build/arduinobot_py_examples build --build-base /home/faraz/arduinobot_ws/build/arduinobot_py_examples/build install --record /home/faraz/arduinobot_ws/build/arduinobot_py_examples/install.log --single-version-externally-managed install_data
[1.951s] Level 1:colcon.colcon_core.environment:checking '/home/faraz/arduinobot_ws/install/arduinobot_py_examples' for CMake module files
[1.951s] DEBUG:colcon.colcon_core.event_handler.log_command:Invoked command in '/home/faraz/arduinobot_ws/src/arduinobot_py_examples' returned '0': AMENT_PREFIX_PATH=/home/faraz/arduinobot_ws/install/arduinobot_msgs:${AMENT_PREFIX_PATH} CMAKE_PREFIX_PATH=/home/faraz/arduinobot_ws/install/arduinobot_msgs:${CMAKE_PREFIX_PATH} DEBUGINFOD_URLS=https://debuginfod.ubuntu.com LD_LIBRARY_PATH=/home/faraz/arduinobot_ws/install/arduinobot_msgs/lib:${LD_LIBRARY_PATH} PYTHONPATH=/home/faraz/arduinobot_ws/build/arduinobot_py_examples/prefix_override:/usr/lib/python3/dist-packages/colcon_core/task/python/colcon_distutils_commands:/home/faraz/arduinobot_ws/install/arduinobot_py_examples/lib/python3.12/site-packages:/home/faraz/arduinobot_ws/install/arduinobot_msgs/lib/python3.12/site-packages:${PYTHONPATH} /usr/bin/python3 -W ignore:setup.py install is deprecated -W ignore:easy_install command is deprecated setup.py egg_info --egg-base ../../build/arduinobot_py_examples build --build-base /home/faraz/arduinobot_ws/build/arduinobot_py_examples/build install --record /home/faraz/arduinobot_ws/build/arduinobot_py_examples/install.log --single-version-externally-managed install_data
[1.951s] Level 1:colcon.colcon_core.environment:checking '/home/faraz/arduinobot_ws/install/arduinobot_py_examples' for CMake config files
[1.952s] Level 1:colcon.colcon_core.environment:checking '/home/faraz/arduinobot_ws/install/arduinobot_py_examples/lib'
[1.952s] Level 1:colcon.colcon_core.environment:checking '/home/faraz/arduinobot_ws/install/arduinobot_py_examples/bin'
[1.952s] Level 1:colcon.colcon_core.environment:checking '/home/faraz/arduinobot_ws/install/arduinobot_py_examples/lib/pkgconfig/arduinobot_py_examples.pc'
[1.952s] Level 1:colcon.colcon_core.environment:checking '/home/faraz/arduinobot_ws/install/arduinobot_py_examples/lib/python3.12/site-packages'
[1.952s] Level 1:colcon.colcon_core.shell:create_environment_hook('arduinobot_py_examples', 'pythonpath')
[1.952s] INFO:colcon.colcon_core.shell:Creating environment hook '/home/faraz/arduinobot_ws/install/arduinobot_py_examples/share/arduinobot_py_examples/hook/pythonpath.ps1'
[1.953s] INFO:colcon.colcon_core.shell:Creating environment descriptor '/home/faraz/arduinobot_ws/install/arduinobot_py_examples/share/arduinobot_py_examples/hook/pythonpath.dsv'
[1.953s] INFO:colcon.colcon_core.shell:Creating environment hook '/home/faraz/arduinobot_ws/install/arduinobot_py_examples/share/arduinobot_py_examples/hook/pythonpath.sh'
[1.953s] Level 1:colcon.colcon_core.environment:checking '/home/faraz/arduinobot_ws/install/arduinobot_py_examples/bin'
[1.954s] Level 1:colcon.colcon_core.environment:create_environment_scripts_only(arduinobot_py_examples)
[1.954s] INFO:colcon.colcon_core.shell:Creating package script '/home/faraz/arduinobot_ws/install/arduinobot_py_examples/share/arduinobot_py_examples/package.ps1'
[1.954s] INFO:colcon.colcon_core.shell:Creating package descriptor '/home/faraz/arduinobot_ws/install/arduinobot_py_examples/share/arduinobot_py_examples/package.dsv'
[1.954s] INFO:colcon.colcon_core.shell:Creating package script '/home/faraz/arduinobot_ws/install/arduinobot_py_examples/share/arduinobot_py_examples/package.sh'
[1.955s] INFO:colcon.colcon_core.shell:Creating package script '/home/faraz/arduinobot_ws/install/arduinobot_py_examples/share/arduinobot_py_examples/package.bash'
[1.955s] INFO:colcon.colcon_core.shell:Creating package script '/home/faraz/arduinobot_ws/install/arduinobot_py_examples/share/arduinobot_py_examples/package.zsh'
[1.955s] Level 1:colcon.colcon_core.environment:create_file_with_runtime_dependencies(/home/faraz/arduinobot_ws/install/arduinobot_py_examples/share/colcon-core/packages/arduinobot_py_examples)
[1.955s] DEBUG:colcon.colcon_parallel_executor.executor.parallel:closing loop
[1.956s] DEBUG:colcon.colcon_parallel_executor.executor.parallel:loop closed
[1.956s] DEBUG:colcon.colcon_parallel_executor.executor.parallel:run_until_complete finished with '0'
[1.956s] DEBUG:colcon.colcon_core.event_reactor:joining thread
[1.962s] INFO:colcon.colcon_core.plugin_system:Skipping extension 'colcon_notification.desktop_notification.terminal_notifier': Not used on non-Darwin systems
[1.962s] INFO:colcon.colcon_core.plugin_system:Skipping extension 'colcon_notification.desktop_notification.win32': Not used on non-Windows systems
[1.962s] INFO:colcon.colcon_notification.desktop_notification:Sending desktop notification using 'notify2'
[1.977s] DEBUG:colcon.colcon_core.event_reactor:joined thread
[1.978s] INFO:colcon.colcon_core.shell:Creating prefix script '/home/faraz/arduinobot_ws/install/local_setup.ps1'
[1.978s] INFO:colcon.colcon_core.shell:Creating prefix util module '/home/faraz/arduinobot_ws/install/_local_setup_util_ps1.py'
[1.979s] INFO:colcon.colcon_core.shell:Creating prefix chain script '/home/faraz/arduinobot_ws/install/setup.ps1'
[1.981s] INFO:colcon.colcon_core.shell:Creating prefix script '/home/faraz/arduinobot_ws/install/local_setup.sh'
[1.981s] INFO:colcon.colcon_core.shell:Creating prefix util module '/home/faraz/arduinobot_ws/install/_local_setup_util_sh.py'
[1.982s] INFO:colcon.colcon_core.shell:Creating prefix chain script '/home/faraz/arduinobot_ws/install/setup.sh'
[1.982s] INFO:colcon.colcon_core.shell:Creating prefix script '/home/faraz/arduinobot_ws/install/local_setup.bash'
[1.983s] INFO:colcon.colcon_core.shell:Creating prefix chain script '/home/faraz/arduinobot_ws/install/setup.bash'
[1.983s] INFO:colcon.colcon_core.shell:Creating prefix script '/home/faraz/arduinobot_ws/install/local_setup.zsh'
[1.984s] INFO:colcon.colcon_core.shell:Creating prefix chain script '/home/faraz/arduinobot_ws/install/setup.zsh'
